SUMMARY OF C0NVERGENCE INFORMATION
  STEP   INC  ATT   ITER     CONT.   RESID.        CORR.      RESID.      CORR.
                              EL.    FORCE         DISP       FLUX        TEMP.
                              (#)     (%)           (%)        (%)         (%)
     1     1     1     1        0  0.0000E+00  0.0000E+00  0.2860E+03  0.1000E+03
     1     1     1     2        0  0.0000E+00  0.0000E+00  0.0000E+00  0.5743E-12
     1     1     2     1        0  0.0000E+00  0.0000E+00  0.2784E+03  0.1000E+03
     1     1     2     2        0  0.0000E+00  0.0000E+00  0.0000E+00  0.6102E-12
     1     1     2     1        0  0.0000E+00  0.0000E+00  0.2804E+03  0.1000E+03
     1     1     2     2        0  0.0000E+00  0.0000E+00  0.0000E+00  0.6548E-12
     1     1     2     1        0  0.0000E+00  0.0000E+00  0.2815E+03  0.1000E+03
     1     1     2     2        0  0.0000E+00  0.0000E+00  0.0000E+00  0.5354E-12
     1     1     2     1        0  0.0000E+00  0.0000E+00  0.2815E+03  0.1000E+03
     1     1     2     2        0  0.0000E+00  0.0000E+00  0.0000E+00  0.6251E-12
     1     1     2     1        0  0.0000E+00  0.0000E+00  0.2813E+03  0.1000E+03
     1     1     2     2        0  0.0000E+00  0.0000E+00  0.0000E+00  0.5208E-12
     1     2     1     1        0  0.0000E+00  0.0000E+00  0.5442E+02  0.1000E+03
     1     2     1     2        0  0.0000E+00  0.0000E+00  0.0000E+00  0.3747E-11
     1     2     2     1        0  0.0000E+00  0.0000E+00  0.5442E+02  0.1000E+03
     1     2     2     2        0  0.0000E+00  0.0000E+00  0.0000E+00  0.3949E-11
     1     2     2     1        0  0.0000E+00  0.0000E+00  0.5372E+02  0.1000E+03
     1     2     2     2        0  0.0000E+00  0.0000E+00  0.0000E+00  0.3987E-11
     1     2     2     1        0  0.0000E+00  0.0000E+00  0.4988E+02  0.1000E+03
     1     2     2     2        0  0.0000E+00  0.0000E+00  0.0000E+00  0.4766E-11
     1     2     2     1        0  0.0000E+00  0.0000E+00  0.4979E+02  0.1000E+03
     1     2     2     2        0  0.0000E+00  0.0000E+00  0.0000E+00  0.3956E-11
     1     2     2     1        0  0.0000E+00  0.0000E+00  0.4978E+02  0.1000E+03
     1     2     2     2        0  0.0000E+00  0.0000E+00  0.0000E+00  0.4336E-11
     1     2     2     1        0  0.0000E+00  0.0000E+00  0.4978E+02  0.1000E+03
     1     2     2     2        0  0.0000E+00  0.0000E+00  0.0000E+00  0.4851E-11
     1     3     1     1        0  0.0000E+00  0.0000E+00  0.2509E+02  0.1000E+03
     1     3     1     2        0  0.0000E+00  0.0000E+00  0.0000E+00  0.7138E-11
     1     3     2     1        0  0.0000E+00  0.0000E+00  0.2509E+02  0.1000E+03
     1     3     2     2        0  0.0000E+00  0.0000E+00  0.0000E+00  0.7036E-11
     1     3     2     1        0  0.0000E+00  0.0000E+00  0.2477E+02  0.1000E+03
     1     3     2     2        0  0.0000E+00  0.0000E+00  0.0000E+00  0.5945E-11
     1     3     2     1        0  0.0000E+00  0.0000E+00  0.2139E+02  0.1000E+03
     1     3     2     2        0  0.0000E+00  0.0000E+00  0.0000E+00  0.8718E-11
     1     3     2     1        0  0.0000E+00  0.0000E+00  0.2139E+02  0.1000E+03
     1     3     2     2        0  0.0000E+00  0.0000E+00  0.0000E+00  0.7326E-11
     1     3     2     1        0  0.0000E+00  0.0000E+00  0.2139E+02  0.1000E+03
     1     3     2     2        0  0.0000E+00  0.0000E+00  0.0000E+00  0.9829E-11
     1     4     1     1        0  0.0000E+00  0.0000E+00  0.2348E+02  0.1000E+03
     1     4     1     2        0  0.0000E+00  0.0000E+00  0.0000E+00  0.7829E-11
     1     4     2     1        0  0.0000E+00  0.0000E+00  0.2348E+02  0.1000E+03
     1     4     2     2        0  0.0000E+00  0.0000E+00  0.0000E+00  0.8077E-11
     1     4     2     1        0  0.0000E+00  0.0000E+00  0.2212E+02  0.1000E+03
     1     4     2     2        0  0.0000E+00  0.0000E+00  0.3764E-01  0.3368E+00
     1     4     2     1        0  0.0000E+00  0.0000E+00  0.2022E+02  0.1000E+03
     1     4     2     2        0  0.0000E+00  0.0000E+00  0.0000E+00  0.8883E-11
     1     4     2     1        0  0.0000E+00  0.0000E+00  0.2022E+02  0.1000E+03
     1     4     2     2        0  0.0000E+00  0.0000E+00  0.0000E+00  0.1028E-10
     1     5     1     1        0  0.0000E+00  0.0000E+00  0.1835E+02  0.1000E+03
     1     5     1     2        0  0.0000E+00  0.0000E+00  0.0000E+00  0.9573E-11
     1     5     2     1        0  0.0000E+00  0.0000E+00  0.1835E+02  0.1000E+03
     1     5     2     2        0  0.0000E+00  0.0000E+00  0.0000E+00  0.9654E-11
     1     5     2     1        0  0.0000E+00  0.0000E+00  0.1875E+02  0.1000E+03
     1     5     2     2        0  0.0000E+00  0.0000E+00  0.0000E+00  0.1132E-10
     1     5     2     1        0  0.0000E+00  0.0000E+00  0.1586E+02  0.1000E+03
     1     5     2     2        0  0.0000E+00  0.0000E+00  0.0000E+00  0.1319E-10
     1     5     2     1        0  0.0000E+00  0.0000E+00  0.1585E+02  0.1000E+03
     1     5     2     2        0  0.0000E+00  0.0000E+00  0.0000E+00  0.1208E-10
     1     6     1     1        0  0.0000E+00  0.0000E+00  0.1359E+02  0.1000E+03
     1     6     1     2        0  0.0000E+00  0.0000E+00  0.0000E+00  0.1333E-10
     1     6     2     1        0  0.0000E+00  0.0000E+00  0.1359E+02  0.1000E+03
     1     6     2     2        0  0.0000E+00  0.0000E+00  0.0000E+00  0.1374E-10
     1     6     2     1        0  0.0000E+00  0.0000E+00  0.1367E+02  0.1000E+03
     1     6     2     2        0  0.0000E+00  0.0000E+00  0.0000E+00  0.1297E-10
     1     6     2     1        0  0.0000E+00  0.0000E+00  0.1176E+02  0.1000E+03
     1     6     2     2        0  0.0000E+00  0.0000E+00  0.0000E+00  0.1395E-10
     1     6     2     1        0  0.0000E+00  0.0000E+00  0.1175E+02  0.1000E+03
     1     6     2     2        0  0.0000E+00  0.0000E+00  0.0000E+00  0.1771E-10
     1     7     1     1        0  0.0000E+00  0.0000E+00  0.8069E+01  0.1000E+03
     1     7     1     2        0  0.0000E+00  0.0000E+00  0.0000E+00  0.2576E-10
     1     7     2     1        0  0.0000E+00  0.0000E+00  0.8069E+01  0.1000E+03
     1     7     2     2        0  0.0000E+00  0.0000E+00  0.0000E+00  0.2137E-10
     1     7     2     1        0  0.0000E+00  0.0000E+00  0.7314E+01  0.1000E+03
     1     7     2     2        0  0.0000E+00  0.0000E+00  0.0000E+00  0.2606E-10
     1     7     2     1        0  0.0000E+00  0.0000E+00  0.6980E+01  0.1000E+03
     1     7     2     2        0  0.0000E+00  0.0000E+00  0.0000E+00  0.2319E-10
     1     7     2     1        0  0.0000E+00  0.0000E+00  0.3106E+02  0.1000E+03
     1     7     2     2        0  0.0000E+00  0.0000E+00  0.1076E+00  0.2496E+01
     1     7     2     3        0  0.0000E+00  0.0000E+00  0.0000E+00  0.2012E-10
     1     8     1     1        0  0.0000E+00  0.0000E+00  0.3139E+01  0.1000E+03
     1     8     1     2        0  0.0000E+00  0.0000E+00  0.0000E+00  0.6336E-10
     1     8     2     1        0  0.0000E+00  0.0000E+00  0.3139E+01  0.1000E+03
     1     8     2     2        0  0.0000E+00  0.0000E+00  0.0000E+00  0.5720E-10
     1     8     2     1        0  0.0000E+00  0.0000E+00  0.2940E+01  0.1000E+03
     1     8     2     2        0  0.0000E+00  0.0000E+00  0.0000E+00  0.5752E-10
     1     8     2     1        0  0.0000E+00  0.0000E+00  0.2725E+01  0.1000E+03
     1     8     2     2        0  0.0000E+00  0.0000E+00  0.0000E+00  0.7003E-10
     1     8     2     1        0  0.0000E+00  0.0000E+00  0.2723E+01  0.1000E+03
     1     8     2     2        0  0.0000E+00  0.0000E+00  0.0000E+00  0.6882E-10
     1     9     1     1        0  0.0000E+00  0.0000E+00  0.1172E+01  0.1000E+03
     1     9     1     2        0  0.0000E+00  0.0000E+00  0.0000E+00  0.1812E-09
     1     9     2     1        0  0.0000E+00  0.0000E+00  0.1172E+01  0.1000E+03
     1     9     2     2        0  0.0000E+00  0.0000E+00  0.0000E+00  0.1891E-09
     1     9     2     1        0  0.0000E+00  0.0000E+00  0.1029E+01  0.1000E+03
     1     9     2     2        0  0.0000E+00  0.0000E+00  0.0000E+00  0.2182E-09
     1     9     2     1        0  0.0000E+00  0.0000E+00  0.1021E+01  0.1000E+03
     1     9     2     2        0  0.0000E+00  0.0000E+00  0.0000E+00  0.2713E-09
     1    10     1     1        0  0.0000E+00  0.0000E+00  0.6434E+00  0.1000E+03
     1    10     1     2        0  0.0000E+00  0.0000E+00  0.0000E+00  0.2540E-09
     1    10     2     1        0  0.0000E+00  0.0000E+00  0.6434E+00  0.1000E+03
     1    10     2     2        0  0.0000E+00  0.0000E+00  0.0000E+00  0.2712E-09
     1    10     2     1        0  0.0000E+00  0.0000E+00  0.6246E+00  0.1000E+03
     1    10     2     2        0  0.0000E+00  0.0000E+00  0.0000E+00  0.2567E-09
     1    10     2     1        0  0.0000E+00  0.0000E+00  0.5604E+00  0.1000E+03
     1    10     2     2        0  0.0000E+00  0.0000E+00  0.0000E+00  0.3157E-09
     1    11     1     1        0  0.0000E+00  0.0000E+00  0.5823E+00  0.1000E+03
     1    11     1     2        0  0.0000E+00  0.0000E+00  0.0000E+00  0.2980E-09
     1    11     2     1        0  0.0000E+00  0.0000E+00  0.5824E+00  0.1000E+03
     1    11     2     2        0  0.0000E+00  0.0000E+00  0.0000E+00  0.3221E-09
     1    11     2     1        0  0.0000E+00  0.0000E+00  0.5212E+00  0.1000E+03
     1    11     2     2        0  0.0000E+00  0.0000E+00  0.0000E+00  0.3895E-09
     1    11     2     1        0  0.0000E+00  0.0000E+00  0.5062E+00  0.1000E+03
     1    11     2     2        0  0.0000E+00  0.0000E+00  0.0000E+00  0.4022E-09
     1    12     1     1        0  0.0000E+00  0.0000E+00  0.5190E+00  0.1000E+03
     1    12     1     2        0  0.0000E+00  0.0000E+00  0.0000E+00  0.3855E-09
     1    12     2     1        0  0.0000E+00  0.0000E+00  0.5190E+00  0.1000E+03
     1    12     2     2        0  0.0000E+00  0.0000E+00  0.0000E+00  0.3591E-09
     1    12     2     1        0  0.0000E+00  0.0000E+00  0.4521E+00  0.1000E+03
     1    12     2     2        0  0.0000E+00  0.0000E+00  0.0000E+00  0.4269E-09
     1    13     1     1        0  0.0000E+00  0.0000E+00  0.3943E+00  0.1000E+03
     1    13     1     2        0  0.0000E+00  0.0000E+00  0.0000E+00  0.4774E-09
     1    13     2     1        0  0.0000E+00  0.0000E+00  0.3963E+00  0.1000E+03
     1    13     2     2        0  0.0000E+00  0.0000E+00  0.0000E+00  0.5340E-09
     1    13     2     1        0  0.0000E+00  0.0000E+00  0.3417E+00  0.1000E+03
     1    13     2     2        0  0.0000E+00  0.0000E+00  0.0000E+00  0.6068E-09
     1    14     1     1        0  0.0000E+00  0.0000E+00  0.2998E+00  0.1000E+03
     1    14     1     2        0  0.0000E+00  0.0000E+00  0.0000E+00  0.6342E-09
     1    14     2     1        0  0.0000E+00  0.0000E+00  0.2998E+00  0.1000E+03
     1    14     2     2        0  0.0000E+00  0.0000E+00  0.0000E+00  0.6404E-09
     1    14     2     1        0  0.0000E+00  0.0000E+00  0.2916E+00  0.1000E+03
     1    14     2     2        0  0.0000E+00  0.0000E+00  0.0000E+00  0.6147E-09
     1    14     2     1        0  0.0000E+00  0.0000E+00  0.2598E+00  0.1000E+03
     1    14     2     2        0  0.0000E+00  0.0000E+00  0.0000E+00  0.6933E-09
     1    15     1     1        0  0.0000E+00  0.0000E+00  0.2344E+00  0.1000E+03
     1    15     1     2        0  0.0000E+00  0.0000E+00  0.0000E+00  0.8276E-09
     1    15     2     1        0  0.0000E+00  0.0000E+00  0.2344E+00  0.1000E+03
     1    15     2     2        0  0.0000E+00  0.0000E+00  0.0000E+00  0.8458E-09
     1    15     2     1        0  0.0000E+00  0.0000E+00  0.1992E+00  0.1000E+03
     1    15     2     2        0  0.0000E+00  0.0000E+00  0.0000E+00  0.1011E-08
     1    15     2     1        0  0.0000E+00  0.0000E+00  0.2029E+00  0.1000E+03
     1    15     2     2        0  0.0000E+00  0.0000E+00  0.0000E+00  0.8890E-09
     1    16     1     1        0  0.0000E+00  0.0000E+00  0.1783E+00  0.1000E+03
     1    16     1     2        0  0.0000E+00  0.0000E+00  0.0000E+00  0.9703E-09
     1    16     2     1        0  0.0000E+00  0.0000E+00  0.1783E+00  0.1000E+03
     1    16     2     2        0  0.0000E+00  0.0000E+00  0.0000E+00  0.1072E-08
     1    16     2     1        0  0.0000E+00  0.0000E+00  0.1540E+00  0.1000E+03
     1    16     2     2        0  0.0000E+00  0.0000E+00  0.0000E+00  0.1548E-08
     1    17     1     1        0  0.0000E+00  0.0000E+00  0.1375E+00  0.1000E+03
     1    17     1     2        0  0.0000E+00  0.0000E+00  0.0000E+00  0.1421E-08
     1    17     2     1        0  0.0000E+00  0.0000E+00  0.1370E+00  0.1000E+03
     1    17     2     2        0  0.0000E+00  0.0000E+00  0.0000E+00  0.1669E-08
     1    17     2     1        0  0.0000E+00  0.0000E+00  0.1192E+00  0.1000E+03
     1    17     2     2        0  0.0000E+00  0.0000E+00  0.0000E+00  0.1582E-08
     1    18     1     1        0  0.0000E+00  0.0000E+00  0.1058E+00  0.1000E+03
     1    18     1     2        0  0.0000E+00  0.0000E+00  0.0000E+00  0.1659E-08
     1    18     2     1        0  0.0000E+00  0.0000E+00  0.1057E+00  0.1000E+03
     1    18     2     2        0  0.0000E+00  0.0000E+00  0.0000E+00  0.1938E-08
     1    18     2     1        0  0.0000E+00  0.0000E+00  0.9159E-01  0.1000E+03
     1    18     2     2        0  0.0000E+00  0.0000E+00  0.0000E+00  0.2511E-08
     1    19     1     1        0  0.0000E+00  0.0000E+00  0.8187E-01  0.1000E+03
     1    19     1     2        0  0.0000E+00  0.0000E+00  0.0000E+00  0.2546E-08
     1    19     2     1        0  0.0000E+00  0.0000E+00  0.8180E-01  0.1000E+03
     1    19     2     2        0  0.0000E+00  0.0000E+00  0.0000E+00  0.2336E-08
     1    19     2     1        0  0.0000E+00  0.0000E+00  0.7097E-01  0.1000E+03
     1    19     2     2        0  0.0000E+00  0.0000E+00  0.0000E+00  0.3731E-08
     1    20     1     1        0  0.0000E+00  0.0000E+00  0.7053E-01  0.1000E+03
     1    20     1     2        0  0.0000E+00  0.0000E+00  0.9154E-03  0.1294E+01
     1    20     1     3        0  0.0000E+00  0.0000E+00  0.0000E+00  0.2796E-08
     1    20     2     1        0  0.0000E+00  0.0000E+00  0.6368E-01  0.1000E+03
     1    20     2     2        0  0.0000E+00  0.0000E+00  0.0000E+00  0.3397E-08
     1    20     2     1        0  0.0000E+00  0.0000E+00  0.5527E-01  0.1000E+03
     1    20     2     2        0  0.0000E+00  0.0000E+00  0.0000E+00  0.3612E-08
     1    21     1     1        0  0.0000E+00  0.0000E+00  0.4969E-01  0.1000E+03
     1    21     1     2        0  0.0000E+00  0.0000E+00  0.0000E+00  0.3660E-08
     1    21     2     1        0  0.0000E+00  0.0000E+00  0.4978E-01  0.1000E+03
     1    21     2     2        0  0.0000E+00  0.0000E+00  0.0000E+00  0.3661E-08
     1    21     2     1        0  0.0000E+00  0.0000E+00  0.4313E-01  0.1000E+03
     1    21     2     2        0  0.0000E+00  0.0000E+00  0.0000E+00  0.5208E-08
     1    22     1     1        0  0.0000E+00  0.0000E+00  0.3901E-01  0.1000E+03
     1    22     1     2        0  0.0000E+00  0.0000E+00  0.0000E+00  0.4967E-08
     1    22     2     1        0  0.0000E+00  0.0000E+00  0.3907E-01  0.1000E+03
     1    22     2     2        0  0.0000E+00  0.0000E+00  0.0000E+00  0.4941E-08
     1    22     2     1        0  0.0000E+00  0.0000E+00  0.3382E-01  0.1000E+03
     1    22     2     2        0  0.0000E+00  0.0000E+00  0.0000E+00  0.6186E-08
     1    23     1     1        0  0.0000E+00  0.0000E+00  0.3075E-01  0.1000E+03
     1    23     1     2        0  0.0000E+00  0.0000E+00  0.0000E+00  0.6600E-08
     1    23     2     1        0  0.0000E+00  0.0000E+00  0.3076E-01  0.1000E+03
     1    23     2     2        0  0.0000E+00  0.0000E+00  0.0000E+00  0.7393E-08
     1    23     2     1        0  0.0000E+00  0.0000E+00  0.2665E-01  0.1000E+03
     1    23     2     2        0  0.0000E+00  0.0000E+00  0.0000E+00  0.8216E-08
     1    24     1     1        0  0.0000E+00  0.0000E+00  0.2427E-01  0.1000E+03
     1    24     1     2        0  0.0000E+00  0.0000E+00  0.0000E+00  0.8024E-08
     1    24     2     1        0  0.0000E+00  0.0000E+00  0.2428E-01  0.1000E+03
     1    24     2     2        0  0.0000E+00  0.0000E+00  0.0000E+00  0.8785E-08
     1    24     2     1        0  0.0000E+00  0.0000E+00  0.2102E-01  0.1000E+03
     1    24     2     2        0  0.0000E+00  0.0000E+00  0.0000E+00  0.8533E-08
     1    25     1     1        0  0.0000E+00  0.0000E+00  0.1923E-01  0.1000E+03
     1    25     1     2        0  0.0000E+00  0.0000E+00  0.0000E+00  0.1112E-07
     1    25     2     1        0  0.0000E+00  0.0000E+00  0.1922E-01  0.1000E+03
     1    25     2     2        0  0.0000E+00  0.0000E+00  0.0000E+00  0.1021E-07
     1    25     2     1        0  0.0000E+00  0.0000E+00  0.1666E-01  0.1000E+03
     1    25     2     2        0  0.0000E+00  0.0000E+00  0.0000E+00  0.1186E-07
     1    26     1     1        0  0.0000E+00  0.0000E+00  0.1524E-01  0.1000E+03
     1    26     1     2        0  0.0000E+00  0.0000E+00  0.0000E+00  0.1149E-07
     1    27     1     1        0  0.0000E+00  0.0000E+00  0.9853E-02  0.1000E+03
     1    27     1     2        0  0.0000E+00  0.0000E+00  0.0000E+00  0.1933E-07
     1    28     1     1        0  0.0000E+00  0.0000E+00  0.8012E-02  0.1000E+03
     1    28     1     2        0  0.0000E+00  0.0000E+00  0.0000E+00  0.2731E-07
     1    29     1     1        0  0.0000E+00  0.0000E+00  0.6377E-02  0.1000E+03
     1    29     1     2        0  0.0000E+00  0.0000E+00  0.0000E+00  0.3181E-07
     1    30     1     1        0  0.0000E+00  0.0000E+00  0.5101E-02  0.1000E+03
     1    30     1     2        0  0.0000E+00  0.0000E+00  0.0000E+00  0.3452E-07
     1    31     1     1        0  0.0000E+00  0.0000E+00  0.4078E-02  0.1000E+03
     1    31     1     2        0  0.0000E+00  0.0000E+00  0.0000E+00  0.4957E-07
     1    32     1     1        0  0.0000E+00  0.0000E+00  0.3261E-02  0.1000E+03
     1    32     1     2        0  0.0000E+00  0.0000E+00  0.0000E+00  0.5784E-07
     1    33     1     1        0  0.0000E+00  0.0000E+00  0.2609E-02  0.1000E+03
     1    33     1     2        0  0.0000E+00  0.0000E+00  0.0000E+00  0.7888E-07
     1    34     1     1        0  0.0000E+00  0.0000E+00  0.2087E-02  0.1000E+03
     1    34     1     2        0  0.0000E+00  0.0000E+00  0.0000E+00  0.1094E-06
     1    35     1     1        0  0.0000E+00  0.0000E+00  0.1671E-02  0.1000E+03
     1    35     1     2        0  0.0000E+00  0.0000E+00  0.0000E+00  0.1093E-06
     1    36     1     1        0  0.0000E+00  0.0000E+00  0.1338E-02  0.1000E+03
     1    36     1     2        0  0.0000E+00  0.0000E+00  0.0000E+00  0.1525E-06
     1    37     1     1        0  0.0000E+00  0.0000E+00  0.1072E-02  0.1000E+03
     1    37     1     2        0  0.0000E+00  0.0000E+00  0.0000E+00  0.1653E-06
     1    38     1     1        0  0.0000E+00  0.0000E+00  0.8591E-03  0.1000E+03
     1    38     1     2        0  0.0000E+00  0.0000E+00  0.0000E+00  0.2251E-06
     1    39     1     1        0  0.0000E+00  0.0000E+00  0.6887E-03  0.1000E+03
     1    39     1     2        0  0.0000E+00  0.0000E+00  0.0000E+00  0.3066E-06
     1    40     1     1        0  0.0000E+00  0.0000E+00  0.5524E-03  0.1000E+03
     1    40     1     2        0  0.0000E+00  0.0000E+00  0.0000E+00  0.3427E-06
     1    41     1     1        0  0.0000E+00  0.0000E+00  0.4431E-03  0.1000E+03
     1    41     1     2        0  0.0000E+00  0.0000E+00  0.0000E+00  0.4362E-06
     1    42     1     1        0  0.0000E+00  0.0000E+00  0.0000E+00  0.1000E+03
     1    43     1     1        0  0.0000E+00  0.0000E+00  0.0000E+00  0.1000E+03
     1    44     1     1        0  0.0000E+00  0.0000E+00  0.0000E+00  0.1000E+03
     1    45     1     1        0  0.0000E+00  0.0000E+00  0.0000E+00  0.1000E+03
     1    46     1     1        0  0.0000E+00  0.0000E+00  0.0000E+00  0.1000E+03
     1    47     1     1        0  0.0000E+00  0.0000E+00  0.0000E+00  0.1000E+03
     1    48     1     1        0  0.0000E+00  0.0000E+00  0.0000E+00  0.1000E+03
     1    49     1     1        0  0.0000E+00  0.0000E+00  0.0000E+00  0.1000E+03
     1    50     1     1        0  0.0000E+00  0.0000E+00  0.0000E+00  0.1000E+03
     1    51     1     1        0  0.0000E+00  0.0000E+00  0.0000E+00  0.1000E+03
     1    52     1     1        0  0.0000E+00  0.0000E+00  0.0000E+00  0.1000E+03
     1    53     1     1        0  0.0000E+00  0.0000E+00  0.0000E+00  0.1000E+03
     1    54     1     1        0  0.0000E+00  0.0000E+00  0.0000E+00  0.1000E+03
     1    55     1     1        0  0.0000E+00  0.0000E+00  0.0000E+00  0.1000E+03
     1    56     1     1        0  0.0000E+00  0.0000E+00  0.0000E+00  0.1000E+03
     1    57     1     1        0  0.0000E+00  0.0000E+00  0.0000E+00  0.1000E+03
     1    58     1     1        0  0.0000E+00  0.0000E+00  0.0000E+00  0.1000E+03
     1    59     1     1        0  0.0000E+00  0.0000E+00  0.0000E+00  0.1000E+03
     1    60     1     1        0  0.0000E+00  0.0000E+00  0.0000E+00  0.1000E+03
     1    61     1     1        0  0.0000E+00  0.0000E+00  0.0000E+00  0.1000E+03
     1    62     1     1        0  0.0000E+00  0.0000E+00  0.0000E+00  0.1000E+03
     1    63     1     1        0  0.0000E+00  0.0000E+00  0.0000E+00  0.1000E+03
     1    64     1     1        0  0.0000E+00  0.0000E+00  0.0000E+00  0.1000E+03
     1    65     1     1        0  0.0000E+00  0.0000E+00  0.0000E+00  0.1000E+03
     1    66     1     1        0  0.0000E+00  0.0000E+00  0.0000E+00  0.1000E+03
     1    67     1     1        0  0.0000E+00  0.0000E+00  0.0000E+00  0.1000E+03
     1    68     1     1        0  0.0000E+00  0.0000E+00  0.0000E+00  0.1000E+03
     1    69     1     1        0  0.0000E+00  0.0000E+00  0.0000E+00  0.1000E+03
     1    70     1     1        0  0.0000E+00  0.0000E+00  0.0000E+00  0.1000E+03
     1    71     1     1        0  0.0000E+00  0.0000E+00  0.0000E+00  0.1000E+03
     1    72     1     1        0  0.0000E+00  0.0000E+00  0.0000E+00  0.1000E+03
     1    73     1     1        0  0.0000E+00  0.0000E+00  0.0000E+00  0.1000E+03
     1    74     1     1        0  0.0000E+00  0.0000E+00  0.0000E+00  0.1000E+03
     1    75     1     1        0  0.0000E+00  0.0000E+00  0.0000E+00  0.1000E+03
     1    76     1     1        0  0.0000E+00  0.0000E+00  0.0000E+00  0.1000E+03
     1    77     1     1        0  0.0000E+00  0.0000E+00  0.0000E+00  0.1000E+03
     1    78     1     1        0  0.0000E+00  0.0000E+00  0.0000E+00  0.1000E+03
     1    79     1     1        0  0.0000E+00  0.0000E+00  0.0000E+00  0.1000E+03
     1    80     1     1        0  0.0000E+00  0.0000E+00  0.0000E+00  0.1000E+03
     1    81     1     1        0  0.0000E+00  0.0000E+00  0.0000E+00  0.1000E+03
     1    82     1     1        0  0.0000E+00  0.0000E+00  0.0000E+00  0.1000E+03
     1    83     1     1        0  0.0000E+00  0.0000E+00  0.0000E+00  0.1000E+03
     1    84     1     1        0  0.0000E+00  0.0000E+00  0.0000E+00  0.1000E+03
     1    85     1     1        0  0.0000E+00  0.0000E+00  0.0000E+00  0.1000E+03
     1    86     1     1        0  0.0000E+00  0.0000E+00  0.0000E+00  0.1000E+03
     1    87     1     1        0  0.0000E+00  0.0000E+00  0.0000E+00  0.1000E+03
     1    88     1     1        0  0.0000E+00  0.0000E+00  0.0000E+00  0.1000E+03
     1    89     1     1        0  0.0000E+00  0.0000E+00  0.0000E+00  0.1000E+03
     1    90     1     1        0  0.0000E+00  0.0000E+00  0.0000E+00  0.1000E+03
     1    91     1     1        0  0.0000E+00  0.0000E+00  0.0000E+00  0.1000E+03
     1    92     1     1        0  0.0000E+00  0.0000E+00  0.0000E+00  0.1000E+03
     1    93     1     1        0  0.0000E+00  0.0000E+00  0.0000E+00  0.1000E+03
     1    94     1     1        0  0.0000E+00  0.0000E+00  0.0000E+00  0.1000E+03
     1    95     1     1        0  0.0000E+00  0.0000E+00  0.0000E+00  0.1000E+03
     1    96     1     1        0  0.0000E+00  0.0000E+00  0.0000E+00  0.1000E+03
     1    97     1     1        0  0.0000E+00  0.0000E+00  0.0000E+00  0.1000E+03
     1    98     1     1        0  0.0000E+00  0.0000E+00  0.0000E+00  0.1000E+03
     1    99     1     1        0  0.0000E+00  0.0000E+00  0.0000E+00  0.1000E+03
     1   100     1     1        0  0.0000E+00  0.0000E+00  0.0000E+00  0.1000E+03
