SUMMARY OF C0NVERGENCE INFORMATION
  STEP   INC  ATT   ITER     CONT.   RESID.        CORR.      RESID.      CORR.
                              EL.    FORCE         DISP       FLUX        TEMP.
                              (#)     (%)           (%)        (%)         (%)
     1     1     1     1        0  0.0000E+00  0.0000E+00  0.2197E+03  0.1000E+03
     1     1     1     2        0  0.0000E+00  0.0000E+00  0.0000E+00  0.1821E-12
     1     1     2     1        0  0.0000E+00  0.0000E+00  0.2172E+03  0.1000E+03
     1     1     2     2        0  0.0000E+00  0.0000E+00  0.0000E+00  0.1454E-12
     1     1     2     1        0  0.0000E+00  0.0000E+00  0.4721E+03  0.1000E+03
     1     1     2     2        0  0.0000E+00  0.0000E+00  0.0000E+00  0.8149E-13
     1     1     2     1        0  0.0000E+00  0.0000E+00  0.3386E+03  0.1000E+03
     1     1     2     2        0  0.0000E+00  0.0000E+00  0.0000E+00  0.1299E-12
     1     1     2     1        0  0.0000E+00  0.0000E+00  0.2856E+03  0.1000E+03
     1     1     2     2        0  0.0000E+00  0.0000E+00  0.0000E+00  0.2113E-12
     1     1     2     1        0  0.0000E+00  0.0000E+00  0.2186E+03  0.1000E+03
     1     1     2     2        0  0.0000E+00  0.0000E+00  0.0000E+00  0.2708E-12
     1     1     2     1        0  0.0000E+00  0.0000E+00  0.1906E+03  0.1000E+03
     1     1     2     2        0  0.0000E+00  0.0000E+00  0.0000E+00  0.6082E-12
     1     1     2     1        0  0.0000E+00  0.0000E+00  0.2051E+03  0.1000E+03
     1     1     2     2        0  0.0000E+00  0.0000E+00  0.0000E+00  0.4189E-12
     1     1     2     1        0  0.0000E+00  0.0000E+00  0.2115E+03  0.1000E+03
     1     1     2     2        0  0.0000E+00  0.0000E+00  0.0000E+00  0.4302E-12
     1     1     2     1        0  0.0000E+00  0.0000E+00  0.2159E+03  0.1000E+03
     1     1     2     2        0  0.0000E+00  0.0000E+00  0.0000E+00  0.5134E-12
     1     1     2     1        0  0.0000E+00  0.0000E+00  0.2168E+03  0.1000E+03
     1     1     2     2        0  0.0000E+00  0.0000E+00  0.0000E+00  0.5294E-12
     1     1     2     1        0  0.0000E+00  0.0000E+00  0.2165E+03  0.1000E+03
     1     1     2     2        0  0.0000E+00  0.0000E+00  0.0000E+00  0.5383E-12
     1     1     2     1        0  0.0000E+00  0.0000E+00  0.2135E+03  0.1000E+03
     1     1     2     2        0  0.0000E+00  0.0000E+00  0.0000E+00  0.5825E-12
     1     1     2     1        0  0.0000E+00  0.0000E+00  0.2132E+03  0.1000E+03
     1     1     2     2        0  0.0000E+00  0.0000E+00  0.0000E+00  0.5375E-12
     1     1     2     1        0  0.0000E+00  0.0000E+00  0.2132E+03  0.1000E+03
     1     1     2     2        0  0.0000E+00  0.0000E+00  0.0000E+00  0.5948E-12
     1     1     2     1        0  0.0000E+00  0.0000E+00  0.2135E+03  0.1000E+03
     1     1     2     2        0  0.0000E+00  0.0000E+00  0.0000E+00  0.5443E-12
     1     1     2     1        0  0.0000E+00  0.0000E+00  0.2135E+03  0.1000E+03
     1     1     2     2        0  0.0000E+00  0.0000E+00  0.0000E+00  0.6813E-12
     1     1     2     1        0  0.0000E+00  0.0000E+00  0.2136E+03  0.1000E+03
     1     1     2     2        0  0.0000E+00  0.0000E+00  0.0000E+00  0.5959E-12
     1     1     2     1        0  0.0000E+00  0.0000E+00  0.2137E+03  0.1000E+03
     1     1     2     2        0  0.0000E+00  0.0000E+00  0.0000E+00  0.5243E-12
     1     1     2     1        0  0.0000E+00  0.0000E+00  0.2137E+03  0.1000E+03
     1     1     2     2        0  0.0000E+00  0.0000E+00  0.0000E+00  0.6175E-12
     1     1     2     1        0  0.0000E+00  0.0000E+00  0.2136E+03  0.1000E+03
     1     1     2     2        0  0.0000E+00  0.0000E+00  0.0000E+00  0.5372E-12
     1     1     2     1        0  0.0000E+00  0.0000E+00  0.2136E+03  0.1000E+03
     1     1     2     2        0  0.0000E+00  0.0000E+00  0.0000E+00  0.6712E-12
     1     1     2     1        0  0.0000E+00  0.0000E+00  0.2135E+03  0.1000E+03
     1     1     2     2        0  0.0000E+00  0.0000E+00  0.0000E+00  0.6025E-12
     1     1     2     1        0  0.0000E+00  0.0000E+00  0.2137E+03  0.1000E+03
     1     1     2     2        0  0.0000E+00  0.0000E+00  0.0000E+00  0.4981E-12
     1     1     2     1        0  0.0000E+00  0.0000E+00  0.2137E+03  0.1000E+03
     1     1     2     2        0  0.0000E+00  0.0000E+00  0.0000E+00  0.6065E-12
     1     1     2     1        0  0.0000E+00  0.0000E+00  0.2138E+03  0.1000E+03
     1     1     2     2        0  0.0000E+00  0.0000E+00  0.0000E+00  0.6693E-12
     1     1     2     1        0  0.0000E+00  0.0000E+00  0.2137E+03  0.1000E+03
     1     1     2     2        0  0.0000E+00  0.0000E+00  0.0000E+00  0.5522E-12
     1     1     2     1        0  0.0000E+00  0.0000E+00  0.2136E+03  0.1000E+03
     1     1     2     2        0  0.0000E+00  0.0000E+00  0.0000E+00  0.6236E-12
     1     1     2     1        0  0.0000E+00  0.0000E+00  0.2137E+03  0.1000E+03
     1     1     2     2        0  0.0000E+00  0.0000E+00  0.0000E+00  0.5516E-12
     1     1     2     1        0  0.0000E+00  0.0000E+00  0.2137E+03  0.1000E+03
     1     1     2     2        0  0.0000E+00  0.0000E+00  0.0000E+00  0.5927E-12
     1     2     1     1        0  0.0000E+00  0.0000E+00  0.4118E+03  0.1000E+03
     1     2     1     2        0  0.0000E+00  0.0000E+00  0.0000E+00  0.4051E-12
     1     2     2     1        0  0.0000E+00  0.0000E+00  0.4118E+03  0.1000E+03
     1     2     2     2        0  0.0000E+00  0.0000E+00  0.0000E+00  0.3683E-12
     1     2     2     1        0  0.0000E+00  0.0000E+00  0.3964E+03  0.1000E+03
     1     2     2     2        0  0.0000E+00  0.0000E+00  0.0000E+00  0.4525E-12
     1     2     2     1        0  0.0000E+00  0.0000E+00  0.9223E+02  0.1000E+03
     1     2     2     2        0  0.0000E+00  0.0000E+00  0.0000E+00  0.1221E-11
     1     2     2     1        0  0.0000E+00  0.0000E+00  0.2094E+03  0.1000E+03
     1     2     2     2        0  0.0000E+00  0.0000E+00  0.4486E+00  0.1454E+01
     1     2     2     3        0  0.0000E+00  0.0000E+00  0.0000E+00  0.1879E-11
     1     2     2     1        0  0.0000E+00  0.0000E+00  0.3707E+02  0.1000E+03
     1     2     2     2        0  0.0000E+00  0.0000E+00  0.0000E+00  0.2666E-11
     1     2     2     1        0  0.0000E+00  0.0000E+00  0.3946E+02  0.1000E+03
     1     2     2     2        0  0.0000E+00  0.0000E+00  0.0000E+00  0.2757E-11
     1     2     2     1        0  0.0000E+00  0.0000E+00  0.3620E+02  0.1000E+03
     1     2     2     2        0  0.0000E+00  0.0000E+00  0.0000E+00  0.2817E-11
     1     2     2     1        0  0.0000E+00  0.0000E+00  0.3478E+02  0.1000E+03
     1     2     2     2        0  0.0000E+00  0.0000E+00  0.0000E+00  0.2664E-11
     1     2     2     1        0  0.0000E+00  0.0000E+00  0.3185E+02  0.1000E+03
     1     2     2     2        0  0.0000E+00  0.0000E+00  0.0000E+00  0.2839E-11
     1     2     2     1        0  0.0000E+00  0.0000E+00  0.3200E+02  0.1000E+03
     1     2     2     2        0  0.0000E+00  0.0000E+00  0.0000E+00  0.3984E-11
     1     2     2     1        0  0.0000E+00  0.0000E+00  0.3175E+02  0.1000E+03
     1     2     2     2        0  0.0000E+00  0.0000E+00  0.0000E+00  0.3048E-11
     1     2     2     1        0  0.0000E+00  0.0000E+00  0.3201E+02  0.1000E+03
     1     2     2     2        0  0.0000E+00  0.0000E+00  0.0000E+00  0.3762E-11
     1     2     2     1        0  0.0000E+00  0.0000E+00  0.3226E+02  0.1000E+03
     1     2     2     2        0  0.0000E+00  0.0000E+00  0.0000E+00  0.2814E-11
     1     2     2     1        0  0.0000E+00  0.0000E+00  0.3316E+02  0.1000E+03
     1     2     2     2        0  0.0000E+00  0.0000E+00  0.0000E+00  0.2935E-11
     1     2     2     1        0  0.0000E+00  0.0000E+00  0.3326E+02  0.1000E+03
     1     2     2     2        0  0.0000E+00  0.0000E+00  0.0000E+00  0.3225E-11
     1     2     2     1        0  0.0000E+00  0.0000E+00  0.3318E+02  0.1000E+03
     1     2     2     2        0  0.0000E+00  0.0000E+00  0.0000E+00  0.2761E-11
     1     2     2     1        0  0.0000E+00  0.0000E+00  0.3313E+02  0.1000E+03
     1     2     2     2        0  0.0000E+00  0.0000E+00  0.0000E+00  0.3042E-11
     1     2     2     1        0  0.0000E+00  0.0000E+00  0.3312E+02  0.1000E+03
     1     2     2     2        0  0.0000E+00  0.0000E+00  0.0000E+00  0.2699E-11
     1     3     1     1        0  0.0000E+00  0.0000E+00  0.1999E+03  0.1000E+03
     1     3     1     2        0  0.0000E+00  0.0000E+00  0.0000E+00  0.7305E-12
     1     3     2     1        0  0.0000E+00  0.0000E+00  0.1999E+03  0.1000E+03
     1     3     2     2        0  0.0000E+00  0.0000E+00  0.0000E+00  0.9550E-12
     1     3     2     1        0  0.0000E+00  0.0000E+00  0.1465E+03  0.1000E+03
     1     3     2     2        0  0.0000E+00  0.0000E+00  0.0000E+00  0.1007E-11
     1     3     2     1        0  0.0000E+00  0.0000E+00  0.5017E+02  0.1000E+03
     1     3     2     2        0  0.0000E+00  0.0000E+00  0.0000E+00  0.2413E-11
     1     3     2     1        0  0.0000E+00  0.0000E+00  0.4413E+02  0.1000E+03
     1     3     2     2        0  0.0000E+00  0.0000E+00  0.0000E+00  0.3381E-11
     1     3     2     1        0  0.0000E+00  0.0000E+00  0.3909E+02  0.1000E+03
     1     3     2     2        0  0.0000E+00  0.0000E+00  0.0000E+00  0.3128E-11
     1     3     2     1        0  0.0000E+00  0.0000E+00  0.4051E+02  0.1000E+03
     1     3     2     2        0  0.0000E+00  0.0000E+00  0.0000E+00  0.3783E-11
     1     3     2     1        0  0.0000E+00  0.0000E+00  0.3984E+02  0.1000E+03
     1     3     2     2        0  0.0000E+00  0.0000E+00  0.0000E+00  0.3265E-11
     1     3     2     1        0  0.0000E+00  0.0000E+00  0.3992E+02  0.1000E+03
     1     3     2     2        0  0.0000E+00  0.0000E+00  0.0000E+00  0.3568E-11
     1     3     2     1        0  0.0000E+00  0.0000E+00  0.3970E+02  0.1000E+03
     1     3     2     2        0  0.0000E+00  0.0000E+00  0.0000E+00  0.3573E-11
     1     3     2     1        0  0.0000E+00  0.0000E+00  0.3976E+02  0.1000E+03
     1     3     2     2        0  0.0000E+00  0.0000E+00  0.0000E+00  0.4398E-11
     1     3     2     1        0  0.0000E+00  0.0000E+00  0.3958E+02  0.1000E+03
     1     3     2     2        0  0.0000E+00  0.0000E+00  0.0000E+00  0.3807E-11
     1     3     2     1        0  0.0000E+00  0.0000E+00  0.3963E+02  0.1000E+03
     1     3     2     2        0  0.0000E+00  0.0000E+00  0.0000E+00  0.4281E-11
     1     4     1     1        0  0.0000E+00  0.0000E+00  0.1074E+03  0.1000E+03
     1     4     1     2        0  0.0000E+00  0.0000E+00  0.0000E+00  0.1286E-11
     1     4     2     1        0  0.0000E+00  0.0000E+00  0.1074E+03  0.1000E+03
     1     4     2     2        0  0.0000E+00  0.0000E+00  0.0000E+00  0.1492E-11
     1     4     2     1        0  0.0000E+00  0.0000E+00  0.6401E+02  0.1000E+03
     1     4     2     2        0  0.0000E+00  0.0000E+00  0.0000E+00  0.2172E-11
     1     4     2     1        0  0.0000E+00  0.0000E+00  0.2966E+02  0.1000E+03
     1     4     2     2        0  0.0000E+00  0.0000E+00  0.0000E+00  0.5008E-11
     1     4     2     1        0  0.0000E+00  0.0000E+00  0.2789E+02  0.1000E+03
     1     4     2     2        0  0.0000E+00  0.0000E+00  0.0000E+00  0.5642E-11
     1     4     2     1        0  0.0000E+00  0.0000E+00  0.2823E+02  0.1000E+03
     1     4     2     2        0  0.0000E+00  0.0000E+00  0.0000E+00  0.4821E-11
     1     4     2     1        0  0.0000E+00  0.0000E+00  0.2785E+02  0.1000E+03
     1     4     2     2        0  0.0000E+00  0.0000E+00  0.0000E+00  0.5053E-11
     1     4     2     1        0  0.0000E+00  0.0000E+00  0.2784E+02  0.1000E+03
     1     4     2     2        0  0.0000E+00  0.0000E+00  0.0000E+00  0.4990E-11
     1     4     2     1        0  0.0000E+00  0.0000E+00  0.2780E+02  0.1000E+03
     1     4     2     2        0  0.0000E+00  0.0000E+00  0.0000E+00  0.5800E-11
     1     4     2     1        0  0.0000E+00  0.0000E+00  0.2782E+02  0.1000E+03
     1     4     2     2        0  0.0000E+00  0.0000E+00  0.0000E+00  0.4914E-11
     1     5     1     1        0  0.0000E+00  0.0000E+00  0.6781E+02  0.1000E+03
     1     5     1     2        0  0.0000E+00  0.0000E+00  0.0000E+00  0.2301E-11
     1     5     2     1        0  0.0000E+00  0.0000E+00  0.6782E+02  0.1000E+03
     1     5     2     2        0  0.0000E+00  0.0000E+00  0.0000E+00  0.2042E-11
     1     5     2     1        0  0.0000E+00  0.0000E+00  0.2730E+02  0.1000E+03
     1     5     2     2        0  0.0000E+00  0.0000E+00  0.0000E+00  0.4089E-11
     1     5     2     1        0  0.0000E+00  0.0000E+00  0.2002E+02  0.1000E+03
     1     5     2     2        0  0.0000E+00  0.0000E+00  0.0000E+00  0.8338E-11
     1     5     2     1        0  0.0000E+00  0.0000E+00  0.1895E+02  0.1000E+03
     1     5     2     2        0  0.0000E+00  0.0000E+00  0.0000E+00  0.7900E-11
     1     5     2     1        0  0.0000E+00  0.0000E+00  0.1851E+02  0.1000E+03
     1     5     2     2        0  0.0000E+00  0.0000E+00  0.0000E+00  0.7475E-11
     1     5     2     1        0  0.0000E+00  0.0000E+00  0.1861E+02  0.1000E+03
     1     5     2     2        0  0.0000E+00  0.0000E+00  0.0000E+00  0.7883E-11
     1     5     2     1        0  0.0000E+00  0.0000E+00  0.1860E+02  0.1000E+03
     1     5     2     2        0  0.0000E+00  0.0000E+00  0.0000E+00  0.8339E-11
     1     5     2     1        0  0.0000E+00  0.0000E+00  0.1859E+02  0.1000E+03
     1     5     2     2        0  0.0000E+00  0.0000E+00  0.0000E+00  0.7200E-11
     1     5     2     1        0  0.0000E+00  0.0000E+00  0.1857E+02  0.1000E+03
     1     5     2     2        0  0.0000E+00  0.0000E+00  0.0000E+00  0.7328E-11
     1     6     1     1        0  0.0000E+00  0.0000E+00  0.4531E+02  0.1000E+03
     1     6     1     2        0  0.0000E+00  0.0000E+00  0.0000E+00  0.2669E-11
     1     6     2     1        0  0.0000E+00  0.0000E+00  0.4526E+02  0.1000E+03
     1     6     2     2        0  0.0000E+00  0.0000E+00  0.0000E+00  0.3042E-11
     1     6     2     1        0  0.0000E+00  0.0000E+00  0.1609E+02  0.1000E+03
     1     6     2     2        0  0.0000E+00  0.0000E+00  0.0000E+00  0.7036E-11
     1     6     2     1        0  0.0000E+00  0.0000E+00  0.1450E+02  0.1000E+03
     1     6     2     2        0  0.0000E+00  0.0000E+00  0.0000E+00  0.8942E-11
     1     6     2     1        0  0.0000E+00  0.0000E+00  0.1273E+02  0.1000E+03
     1     6     2     2        0  0.0000E+00  0.0000E+00  0.0000E+00  0.1093E-10
     1     6     2     1        0  0.0000E+00  0.0000E+00  0.1295E+02  0.1000E+03
     1     6     2     2        0  0.0000E+00  0.0000E+00  0.0000E+00  0.9619E-11
     1     6     2     1        0  0.0000E+00  0.0000E+00  0.1283E+02  0.1000E+03
     1     6     2     2        0  0.0000E+00  0.0000E+00  0.0000E+00  0.9406E-11
     1     6     2     1        0  0.0000E+00  0.0000E+00  0.1279E+02  0.1000E+03
     1     6     2     2        0  0.0000E+00  0.0000E+00  0.0000E+00  0.9670E-11
     1     7     1     1        0  0.0000E+00  0.0000E+00  0.3724E+02  0.1000E+03
     1     7     1     2        0  0.0000E+00  0.0000E+00  0.0000E+00  0.3295E-11
     1     7     2     1        0  0.0000E+00  0.0000E+00  0.3720E+02  0.1000E+03
     1     7     2     2        0  0.0000E+00  0.0000E+00  0.0000E+00  0.4048E-11
     1     7     2     1        0  0.0000E+00  0.0000E+00  0.1344E+02  0.1000E+03
     1     7     2     2        0  0.0000E+00  0.0000E+00  0.0000E+00  0.7091E-11
     1     7     2     1        0  0.0000E+00  0.0000E+00  0.1070E+02  0.1000E+03
     1     7     2     2        0  0.0000E+00  0.0000E+00  0.0000E+00  0.1050E-10
     1     7     2     1        0  0.0000E+00  0.0000E+00  0.9057E+01  0.1000E+03
     1     7     2     2        0  0.0000E+00  0.0000E+00  0.0000E+00  0.1484E-10
     1     7     2     1        0  0.0000E+00  0.0000E+00  0.9584E+01  0.1000E+03
     1     7     2     2        0  0.0000E+00  0.0000E+00  0.0000E+00  0.1375E-10
     1     7     2     1        0  0.0000E+00  0.0000E+00  0.9600E+01  0.1000E+03
     1     7     2     2        0  0.0000E+00  0.0000E+00  0.0000E+00  0.1342E-10
     1     7     2     1        0  0.0000E+00  0.0000E+00  0.9644E+01  0.1000E+03
     1     7     2     2        0  0.0000E+00  0.0000E+00  0.0000E+00  0.1394E-10
     1     8     1     1        0  0.0000E+00  0.0000E+00  0.2056E+02  0.1000E+03
     1     8     1     2        0  0.0000E+00  0.0000E+00  0.0000E+00  0.6436E-11
     1     8     2     1        0  0.0000E+00  0.0000E+00  0.2051E+02  0.1000E+03
     1     8     2     2        0  0.0000E+00  0.0000E+00  0.0000E+00  0.6032E-11
     1     8     2     1        0  0.0000E+00  0.0000E+00  0.1399E+02  0.1000E+03
     1     8     2     2        0  0.0000E+00  0.0000E+00  0.0000E+00  0.8456E-11
     1     8     2     1        0  0.0000E+00  0.0000E+00  0.6010E+01  0.1000E+03
     1     8     2     2        0  0.0000E+00  0.0000E+00  0.0000E+00  0.2006E-10
     1     8     2     1        0  0.0000E+00  0.0000E+00  0.5255E+01  0.1000E+03
     1     8     2     2        0  0.0000E+00  0.0000E+00  0.0000E+00  0.2498E-10
     1     8     2     1        0  0.0000E+00  0.0000E+00  0.5638E+01  0.1000E+03
     1     8     2     2        0  0.0000E+00  0.0000E+00  0.0000E+00  0.2233E-10
     1     8     2     1        0  0.0000E+00  0.0000E+00  0.5599E+01  0.1000E+03
     1     8     2     2        0  0.0000E+00  0.0000E+00  0.0000E+00  0.2236E-10
     1     9     1     1        0  0.0000E+00  0.0000E+00  0.9038E+01  0.1000E+03
     1     9     1     2        0  0.0000E+00  0.0000E+00  0.2871E-01  0.6429E+00
     1     9     2     1        0  0.0000E+00  0.0000E+00  0.8981E+01  0.1000E+03
     1     9     2     2        0  0.0000E+00  0.0000E+00  0.0000E+00  0.1382E-10
     1     9     2     1        0  0.0000E+00  0.0000E+00  0.4449E+01  0.1000E+03
     1     9     2     2        0  0.0000E+00  0.0000E+00  0.0000E+00  0.3137E-10
     1     9     2     1        0  0.0000E+00  0.0000E+00  0.3470E+01  0.1000E+03
     1     9     2     2        0  0.0000E+00  0.0000E+00  0.0000E+00  0.3608E-10
     1     9     2     1        0  0.0000E+00  0.0000E+00  0.3135E+01  0.1000E+03
     1     9     2     2        0  0.0000E+00  0.0000E+00  0.0000E+00  0.4597E-10
     1     9     2     1        0  0.0000E+00  0.0000E+00  0.2942E+01  0.1000E+03
     1     9     2     2        0  0.0000E+00  0.0000E+00  0.0000E+00  0.4696E-10
     1     9     2     1        0  0.0000E+00  0.0000E+00  0.2832E+01  0.1000E+03
     1     9     2     2        0  0.0000E+00  0.0000E+00  0.0000E+00  0.4596E-10
     1    10     1     1        0  0.0000E+00  0.0000E+00  0.3058E+01  0.1000E+03
     1    10     1     2        0  0.0000E+00  0.0000E+00  0.0000E+00  0.1760E-01
     1    10     2     1        0  0.0000E+00  0.0000E+00  0.3125E+01  0.1000E+03
     1    10     2     2        0  0.0000E+00  0.0000E+00  0.0000E+00  0.4153E-10
     1    10     2     1        0  0.0000E+00  0.0000E+00  0.1512E+01  0.1000E+03
     1    10     2     2        0  0.0000E+00  0.0000E+00  0.0000E+00  0.8262E-10
     1    10     2     1        0  0.0000E+00  0.0000E+00  0.1096E+01  0.1000E+03
     1    10     2     2        0  0.0000E+00  0.0000E+00  0.0000E+00  0.1111E-09
     1    10     2     1        0  0.0000E+00  0.0000E+00  0.1233E+01  0.1000E+03
     1    10     2     2        0  0.0000E+00  0.0000E+00  0.0000E+00  0.1131E-09
     1    10     2     1        0  0.0000E+00  0.0000E+00  0.1210E+01  0.1000E+03
     1    10     2     2        0  0.0000E+00  0.0000E+00  0.0000E+00  0.1155E-09
     1    11     1     1        0  0.0000E+00  0.0000E+00  0.2324E+01  0.1000E+03
     1    11     1     2        0  0.0000E+00  0.0000E+00  0.0000E+00  0.6275E-10
     1    11     2     1        0  0.0000E+00  0.0000E+00  0.2331E+01  0.1000E+03
     1    11     2     2        0  0.0000E+00  0.0000E+00  0.0000E+00  0.5279E-10
     1    11     2     1        0  0.0000E+00  0.0000E+00  0.1211E+01  0.1000E+03
     1    11     2     2        0  0.0000E+00  0.0000E+00  0.0000E+00  0.9295E-10
     1    11     2     1        0  0.0000E+00  0.0000E+00  0.9841E+00  0.1000E+03
     1    11     2     2        0  0.0000E+00  0.0000E+00  0.0000E+00  0.1340E-09
     1    11     2     1        0  0.0000E+00  0.0000E+00  0.8194E+00  0.1000E+03
     1    11     2     2        0  0.0000E+00  0.0000E+00  0.0000E+00  0.1659E-09
     1    12     1     1        0  0.0000E+00  0.0000E+00  0.1710E+01  0.1000E+03
     1    12     1     2        0  0.0000E+00  0.0000E+00  0.0000E+00  0.7367E-10
     1    12     2     1        0  0.0000E+00  0.0000E+00  0.1691E+01  0.1000E+03
     1    12     2     2        0  0.0000E+00  0.0000E+00  0.0000E+00  0.7314E-10
     1    12     2     1        0  0.0000E+00  0.0000E+00  0.1079E+01  0.1000E+03
     1    12     2     2        0  0.0000E+00  0.0000E+00  0.0000E+00  0.1184E-09
     1    12     2     1        0  0.0000E+00  0.0000E+00  0.9205E+00  0.1000E+03
     1    12     2     2        0  0.0000E+00  0.0000E+00  0.0000E+00  0.1468E-09
     1    12     2     1        0  0.0000E+00  0.0000E+00  0.8179E+00  0.1000E+03
     1    12     2     2        0  0.0000E+00  0.0000E+00  0.0000E+00  0.1700E-09
     1    12     2     1        0  0.0000E+00  0.0000E+00  0.5420E+00  0.1000E+03
     1    12     2     2        0  0.0000E+00  0.0000E+00  0.0000E+00  0.2225E-09
     1    13     1     1        0  0.0000E+00  0.0000E+00  0.1089E+01  0.1000E+03
     1    13     1     2        0  0.0000E+00  0.0000E+00  0.0000E+00  0.1582E-09
     1    13     2     1        0  0.0000E+00  0.0000E+00  0.1094E+01  0.1000E+03
     1    13     2     2        0  0.0000E+00  0.0000E+00  0.0000E+00  0.1422E-09
     1    13     2     1        0  0.0000E+00  0.0000E+00  0.7378E+00  0.1000E+03
     1    13     2     2        0  0.0000E+00  0.0000E+00  0.0000E+00  0.1872E-09
     1    13     2     1        0  0.0000E+00  0.0000E+00  0.5958E+00  0.1000E+03
     1    13     2     2        0  0.0000E+00  0.0000E+00  0.0000E+00  0.2330E-09
     1    13     2     1        0  0.0000E+00  0.0000E+00  0.5269E+00  0.1000E+03
     1    13     2     2        0  0.0000E+00  0.0000E+00  0.0000E+00  0.2675E-09
     1    14     1     1        0  0.0000E+00  0.0000E+00  0.1459E+00  0.1000E+03
     1    14     1     2        0  0.0000E+00  0.0000E+00  0.0000E+00  0.1041E-08
     1    15     1     1        0  0.0000E+00  0.0000E+00  0.1030E+01  0.1000E+03
     1    15     1     2        0  0.0000E+00  0.0000E+00  0.0000E+00  0.8653E-10
     1    15     2     1        0  0.0000E+00  0.0000E+00  0.1007E+01  0.1000E+03
     1    15     2     2        0  0.0000E+00  0.0000E+00  0.0000E+00  0.8805E-10
     1    15     2     1        0  0.0000E+00  0.0000E+00  0.5726E+00  0.1000E+03
     1    15     2     2        0  0.0000E+00  0.0000E+00  0.0000E+00  0.1630E-09
     1    15     2     1        0  0.0000E+00  0.0000E+00  0.4506E+00  0.1000E+03
     1    15     2     2        0  0.0000E+00  0.0000E+00  0.0000E+00  0.1930E-09
     1    15     2     1        0  0.0000E+00  0.0000E+00  0.3161E+00  0.1000E+03
     1    15     2     2        0  0.0000E+00  0.0000E+00  0.0000E+00  0.3362E-09
     1    16     1     1        0  0.0000E+00  0.0000E+00  0.2833E+00  0.1000E+03
     1    16     1     2        0  0.0000E+00  0.0000E+00  0.0000E+00  0.4915E-09
     1    16     2     1        0  0.0000E+00  0.0000E+00  0.2600E+00  0.1000E+03
     1    16     2     2        0  0.0000E+00  0.0000E+00  0.0000E+00  0.5346E-09
     1    16     2     1        0  0.0000E+00  0.0000E+00  0.1480E+00  0.1000E+03
     1    16     2     2        0  0.0000E+00  0.0000E+00  0.0000E+00  0.1010E-08
     1    17     1     1        0  0.0000E+00  0.0000E+00  0.6662E+00  0.1000E+03
     1    17     1     2        0  0.0000E+00  0.0000E+00  0.0000E+00  0.1264E-09
     1    17     2     1        0  0.0000E+00  0.0000E+00  0.6444E+00  0.1000E+03
     1    17     2     2        0  0.0000E+00  0.0000E+00  0.0000E+00  0.1496E-09
     1    17     2     1        0  0.0000E+00  0.0000E+00  0.4133E+00  0.1000E+03
     1    17     2     2        0  0.0000E+00  0.0000E+00  0.0000E+00  0.2293E-09
     1    17     2     1        0  0.0000E+00  0.0000E+00  0.3151E+00  0.1000E+03
     1    17     2     2        0  0.0000E+00  0.0000E+00  0.0000E+00  0.3168E-09
     1    18     1     1        0  0.0000E+00  0.0000E+00  0.5882E+00  0.1000E+03
     1    18     1     2        0  0.0000E+00  0.0000E+00  0.0000E+00  0.1368E-09
     1    18     2     1        0  0.0000E+00  0.0000E+00  0.5022E+01  0.1000E+03
     1    18     2     2        0  0.0000E+00  0.0000E+00  0.1961E-01  0.3302E+01
     1    18     2     3        0  0.0000E+00  0.0000E+00  0.0000E+00  0.1131E-09
     1    18     2     1        0  0.0000E+00  0.0000E+00  0.2843E+00  0.1000E+03
     1    18     2     2        0  0.0000E+00  0.0000E+00  0.0000E+00  0.3817E-09
     1    18     2     1        0  0.0000E+00  0.0000E+00  0.1533E+00  0.1000E+03
     1    18     2     2        0  0.0000E+00  0.0000E+00  0.0000E+00  0.6124E-09
     1    19     1     1        0  0.0000E+00  0.0000E+00  0.6506E+00  0.1000E+03
     1    19     1     2        0  0.0000E+00  0.0000E+00  0.0000E+00  0.2212E-09
     1    19     2     1        0  0.0000E+00  0.0000E+00  0.6257E+00  0.1000E+03
     1    19     2     2        0  0.0000E+00  0.0000E+00  0.0000E+00  0.2106E-09
     1    19     2     1        0  0.0000E+00  0.0000E+00  0.4203E+00  0.1000E+03
     1    19     2     2        0  0.0000E+00  0.0000E+00  0.0000E+00  0.3054E-09
     1    19     2     1        0  0.0000E+00  0.0000E+00  0.3300E+00  0.1000E+03
     1    19     2     2        0  0.0000E+00  0.0000E+00  0.0000E+00  0.3444E-09
     1    20     1     1        0  0.0000E+00  0.0000E+00  0.8032E+00  0.1000E+03
     1    20     1     2        0  0.0000E+00  0.0000E+00  0.0000E+00  0.1753E-09
     1    20     2     1        0  0.0000E+00  0.0000E+00  0.7583E+00  0.1000E+03
     1    20     2     2        0  0.0000E+00  0.0000E+00  0.0000E+00  0.1807E-09
     1    20     2     1        0  0.0000E+00  0.0000E+00  0.2561E+00  0.1000E+03
     1    20     2     2        0  0.0000E+00  0.0000E+00  0.0000E+00  0.5646E-09
     1    21     1     1        0  0.0000E+00  0.0000E+00  0.7034E+00  0.1000E+03
     1    21     1     2        0  0.0000E+00  0.0000E+00  0.0000E+00  0.2313E-09
     1    21     2     1        0  0.0000E+00  0.0000E+00  0.6387E+00  0.1000E+03
     1    21     2     2        0  0.0000E+00  0.0000E+00  0.0000E+00  0.2273E-09
     1    21     2     1        0  0.0000E+00  0.0000E+00  0.3981E+00  0.1000E+03
     1    21     2     2        0  0.0000E+00  0.0000E+00  0.0000E+00  0.3879E-09
     1    21     2     1        0  0.0000E+00  0.0000E+00  0.3016E+00  0.1000E+03
     1    21     2     2        0  0.0000E+00  0.0000E+00  0.0000E+00  0.4140E-09
     1    22     1     1        0  0.0000E+00  0.0000E+00  0.7243E+00  0.1000E+03
     1    22     1     2        0  0.0000E+00  0.0000E+00  0.0000E+00  0.1889E-09
     1    22     2     1        0  0.0000E+00  0.0000E+00  0.6733E+00  0.1000E+03
     1    22     2     2        0  0.0000E+00  0.0000E+00  0.0000E+00  0.2155E-09
     1    22     2     1        0  0.0000E+00  0.0000E+00  0.3192E+00  0.1000E+03
     1    22     2     2        0  0.0000E+00  0.0000E+00  0.0000E+00  0.3934E-09
     1    22     2     1        0  0.0000E+00  0.0000E+00  0.2997E+00  0.1000E+03
     1    22     2     2        0  0.0000E+00  0.0000E+00  0.0000E+00  0.4070E-09
     1    23     1     1        0  0.0000E+00  0.0000E+00  0.7482E+00  0.1000E+03
     1    23     1     2        0  0.0000E+00  0.0000E+00  0.0000E+00  0.1886E-09
     1    23     2     1        0  0.0000E+00  0.0000E+00  0.6984E+00  0.1000E+03
     1    23     2     2        0  0.0000E+00  0.0000E+00  0.0000E+00  0.2312E-09
     1    23     2     1        0  0.0000E+00  0.0000E+00  0.3639E+00  0.1000E+03
     1    23     2     2        0  0.0000E+00  0.0000E+00  0.0000E+00  0.4659E-09
     1    23     2     1        0  0.0000E+00  0.0000E+00  0.2661E+00  0.1000E+03
     1    23     2     2        0  0.0000E+00  0.0000E+00  0.0000E+00  0.4492E-09
     1    23     2     1        0  0.0000E+00  0.0000E+00  0.2887E+00  0.1000E+03
     1    23     2     2        0  0.0000E+00  0.0000E+00  0.0000E+00  0.4295E-09
     1    24     1     1        0  0.0000E+00  0.0000E+00  0.3429E+00  0.1000E+03
     1    24     1     2        0  0.0000E+00  0.0000E+00  0.0000E+00  0.4429E-09
     1    24     2     1        0  0.0000E+00  0.0000E+00  0.3060E+00  0.1000E+03
     1    24     2     2        0  0.0000E+00  0.0000E+00  0.0000E+00  0.4365E-09
     1    24     2     1        0  0.0000E+00  0.0000E+00  0.1776E+00  0.1000E+03
     1    24     2     2        0  0.0000E+00  0.0000E+00  0.0000E+00  0.6895E-09
     1    24     2     1        0  0.0000E+00  0.0000E+00  0.2281E+00  0.1000E+03
     1    24     2     2        0  0.0000E+00  0.0000E+00  0.0000E+00  0.5546E-09
     1    25     1     1        0  0.0000E+00  0.0000E+00  0.5787E+00  0.1000E+03
     1    25     1     2        0  0.0000E+00  0.0000E+00  0.0000E+00  0.2137E-09
     1    25     2     1        0  0.0000E+00  0.0000E+00  0.5332E+00  0.1000E+03
     1    25     2     2        0  0.0000E+00  0.0000E+00  0.0000E+00  0.2265E-09
     1    25     2     1        0  0.0000E+00  0.0000E+00  0.2833E+00  0.1000E+03
     1    25     2     2        0  0.0000E+00  0.0000E+00  0.0000E+00  0.5054E-09
     1    25     2     1        0  0.0000E+00  0.0000E+00  0.6464E+00  0.1000E+03
     1    25     2     2        0  0.0000E+00  0.0000E+00  0.2654E-02  0.1720E+01
     1    25     2     3        0  0.0000E+00  0.0000E+00  0.0000E+00  0.6154E-09
     1    25     2     1        0  0.0000E+00  0.0000E+00  0.2229E+00  0.1000E+03
     1    25     2     2        0  0.0000E+00  0.0000E+00  0.0000E+00  0.5201E-09
     1    26     1     1        0  0.0000E+00  0.0000E+00  0.5357E+00  0.1000E+03
     1    26     1     2        0  0.0000E+00  0.0000E+00  0.0000E+00  0.2512E-09
     1    26     2     1        0  0.0000E+00  0.0000E+00  0.4644E+00  0.1000E+03
     1    26     2     2        0  0.0000E+00  0.0000E+00  0.0000E+00  0.2669E-09
     1    26     2     1        0  0.0000E+00  0.0000E+00  0.1880E+00  0.1000E+03
     1    26     2     2        0  0.0000E+00  0.0000E+00  0.0000E+00  0.6754E-09
     1    26     2     1        0  0.0000E+00  0.0000E+00  0.1440E+00  0.1000E+03
     1    26     2     2        0  0.0000E+00  0.0000E+00  0.0000E+00  0.6333E-09
     1    26     2     1        0  0.0000E+00  0.0000E+00  0.3257E+00  0.1000E+03
     1    26     2     2        0  0.0000E+00  0.0000E+00  0.0000E+00  0.4097E-09
     1    27     1     1        0  0.0000E+00  0.0000E+00  0.3823E+00  0.1000E+03
     1    27     1     2        0  0.0000E+00  0.0000E+00  0.0000E+00  0.3548E-09
     1    27     2     1        0  0.0000E+00  0.0000E+00  0.3943E+00  0.1000E+03
     1    27     2     2        0  0.0000E+00  0.0000E+00  0.0000E+00  0.2924E-09
     1    27     2     1        0  0.0000E+00  0.0000E+00  0.4233E+00  0.1000E+03
     1    27     2     2        0  0.0000E+00  0.0000E+00  0.0000E+00  0.3354E-09
     1    28     1     1        0  0.0000E+00  0.0000E+00  0.4204E+00  0.1000E+03
     1    28     1     2        0  0.0000E+00  0.0000E+00  0.0000E+00  0.2758E-09
     1    28     2     1        0  0.0000E+00  0.0000E+00  0.4335E+00  0.1000E+03
     1    28     2     2        0  0.0000E+00  0.0000E+00  0.0000E+00  0.3113E-09
     1    28     2     1        0  0.0000E+00  0.0000E+00  0.4743E+00  0.1000E+03
     1    28     2     2        0  0.0000E+00  0.0000E+00  0.0000E+00  0.2765E-09
     1    28     2     1        0  0.0000E+00  0.0000E+00  0.4729E+00  0.1000E+03
     1    28     2     2        0  0.0000E+00  0.0000E+00  0.0000E+00  0.5045E-03
     1    29     1     1        0  0.0000E+00  0.0000E+00  0.5183E+00  0.1000E+03
     1    29     1     2        0  0.0000E+00  0.0000E+00  0.0000E+00  0.2251E-09
     1    29     2     1        0  0.0000E+00  0.0000E+00  0.4802E+00  0.1000E+03
     1    29     2     2        0  0.0000E+00  0.0000E+00  0.0000E+00  0.2541E-09
     1    29     2     1        0  0.0000E+00  0.0000E+00  0.4494E+00  0.1000E+03
     1    29     2     2        0  0.0000E+00  0.0000E+00  0.0000E+00  0.2976E-09
     1    29     2     1        0  0.0000E+00  0.0000E+00  0.4946E+00  0.1000E+03
     1    29     2     2        0  0.0000E+00  0.0000E+00  0.0000E+00  0.2621E-09
     1    30     1     1        0  0.0000E+00  0.0000E+00  0.5843E+00  0.1000E+03
     1    30     1     2        0  0.0000E+00  0.0000E+00  0.0000E+00  0.2035E-09
     1    30     2     1        0  0.0000E+00  0.0000E+00  0.5399E+00  0.1000E+03
     1    30     2     2        0  0.0000E+00  0.0000E+00  0.0000E+00  0.2385E-09
     1    30     2     1        0  0.0000E+00  0.0000E+00  0.3665E+00  0.1000E+03
     1    30     2     2        0  0.0000E+00  0.0000E+00  0.0000E+00  0.3139E-09
     1    30     2     1        0  0.0000E+00  0.0000E+00  0.4333E+00  0.1000E+03
     1    30     2     2        0  0.0000E+00  0.0000E+00  0.0000E+00  0.2901E-09
     1    30     2     1        0  0.0000E+00  0.0000E+00  0.5298E+00  0.1000E+03
     1    30     2     2        0  0.0000E+00  0.0000E+00  0.0000E+00  0.2689E-09
     1    31     1     1        0  0.0000E+00  0.0000E+00  0.5703E+00  0.1000E+03
     1    31     1     2        0  0.0000E+00  0.0000E+00  0.0000E+00  0.2256E-09
     1    31     2     1        0  0.0000E+00  0.0000E+00  0.5842E+00  0.1000E+03
     1    31     2     2        0  0.0000E+00  0.0000E+00  0.0000E+00  0.2436E-09
     1    31     2     1        0  0.0000E+00  0.0000E+00  0.6110E+00  0.1000E+03
     1    31     2     2        0  0.0000E+00  0.0000E+00  0.0000E+00  0.2347E-09
     1    32     1     1        0  0.0000E+00  0.0000E+00  0.4868E+00  0.1000E+03
     1    32     1     2        0  0.0000E+00  0.0000E+00  0.0000E+00  0.2494E-09
     1    32     2     1        0  0.0000E+00  0.0000E+00  0.5044E+00  0.1000E+03
     1    32     2     2        0  0.0000E+00  0.0000E+00  0.0000E+00  0.2506E-09
     1    32     2     1        0  0.0000E+00  0.0000E+00  0.5792E+00  0.1000E+03
     1    32     2     2        0  0.0000E+00  0.0000E+00  0.0000E+00  0.2160E-09
     1    32     2     1        0  0.0000E+00  0.0000E+00  0.6271E+00  0.1000E+03
     1    32     2     2        0  0.0000E+00  0.0000E+00  0.0000E+00  0.2797E-09
     1    32     2     1        0  0.0000E+00  0.0000E+00  0.6565E+00  0.1000E+03
     1    32     2     2        0  0.0000E+00  0.0000E+00  0.0000E+00  0.2393E-09
     1    33     1     1        0  0.0000E+00  0.0000E+00  0.6812E+00  0.1000E+03
     1    33     1     2        0  0.0000E+00  0.0000E+00  0.0000E+00  0.1731E-09
     1    33     2     1        0  0.0000E+00  0.0000E+00  0.6953E+00  0.1000E+03
     1    33     2     2        0  0.0000E+00  0.0000E+00  0.0000E+00  0.2070E-09
     1    33     2     1        0  0.0000E+00  0.0000E+00  0.7215E+00  0.1000E+03
     1    33     2     2        0  0.0000E+00  0.0000E+00  0.0000E+00  0.2022E-09
     1    33     2     1        0  0.0000E+00  0.0000E+00  0.6369E+00  0.1000E+03
     1    33     2     2        0  0.0000E+00  0.0000E+00  0.0000E+00  0.2126E-09
     1    34     1     1        0  0.0000E+00  0.0000E+00  0.7141E+00  0.1000E+03
     1    34     1     2        0  0.0000E+00  0.0000E+00  0.0000E+00  0.1979E-09
     1    34     2     1        0  0.0000E+00  0.0000E+00  0.7198E+00  0.1000E+03
     1    34     2     2        0  0.0000E+00  0.0000E+00  0.0000E+00  0.1830E-09
     1    34     2     1        0  0.0000E+00  0.0000E+00  0.7435E+00  0.1000E+03
     1    34     2     2        0  0.0000E+00  0.0000E+00  0.0000E+00  0.2149E-09
     1    34     2     1        0  0.0000E+00  0.0000E+00  0.7150E+00  0.1000E+03
     1    34     2     2        0  0.0000E+00  0.0000E+00  0.0000E+00  0.1727E-09
     1    34     2     1        0  0.0000E+00  0.0000E+00  0.6200E+00  0.1000E+03
     1    34     2     2        0  0.0000E+00  0.0000E+00  0.0000E+00  0.2277E-09
     1    35     1     1        0  0.0000E+00  0.0000E+00  0.7761E+00  0.1000E+03
     1    35     1     2        0  0.0000E+00  0.0000E+00  0.0000E+00  0.1932E-09
     1    35     2     1        0  0.0000E+00  0.0000E+00  0.7645E+00  0.1000E+03
     1    35     2     2        0  0.0000E+00  0.0000E+00  0.0000E+00  0.1830E-09
     1    35     2     1        0  0.0000E+00  0.0000E+00  0.6852E+00  0.1000E+03
     1    35     2     2        0  0.0000E+00  0.0000E+00  0.0000E+00  0.2318E-09
     1    36     1     1        0  0.0000E+00  0.0000E+00  0.8967E+00  0.1000E+03
     1    36     1     2        0  0.0000E+00  0.0000E+00  0.0000E+00  0.1441E-09
     1    36     2     1        0  0.0000E+00  0.0000E+00  0.8963E+00  0.1000E+03
     1    36     2     2        0  0.0000E+00  0.0000E+00  0.0000E+00  0.1452E-09
     1    36     2     1        0  0.0000E+00  0.0000E+00  0.8767E+00  0.1000E+03
     1    36     2     2        0  0.0000E+00  0.0000E+00  0.0000E+00  0.1696E-09
     1    36     2     1        0  0.0000E+00  0.0000E+00  0.8093E+00  0.1000E+03
     1    36     2     2        0  0.0000E+00  0.0000E+00  0.0000E+00  0.2090E-09
     1    37     1     1        0  0.0000E+00  0.0000E+00  0.8129E+00  0.1000E+03
     1    37     1     2        0  0.0000E+00  0.0000E+00  0.0000E+00  0.1359E-09
     1    37     2     1        0  0.0000E+00  0.0000E+00  0.8273E+00  0.1000E+03
     1    37     2     2        0  0.0000E+00  0.0000E+00  0.0000E+00  0.1555E-09
     1    37     2     1        0  0.0000E+00  0.0000E+00  0.9098E+00  0.1000E+03
     1    37     2     2        0  0.0000E+00  0.0000E+00  0.0000E+00  0.1322E-09
     1    37     2     1        0  0.0000E+00  0.0000E+00  0.8879E+00  0.1000E+03
     1    37     2     2        0  0.0000E+00  0.0000E+00  0.0000E+00  0.1726E-09
     1    37     2     1        0  0.0000E+00  0.0000E+00  0.8230E+00  0.1000E+03
     1    37     2     2        0  0.0000E+00  0.0000E+00  0.0000E+00  0.1788E-09
     1    38     1     1        0  0.0000E+00  0.0000E+00  0.8110E+00  0.1000E+03
     1    38     1     2        0  0.0000E+00  0.0000E+00  0.0000E+00  0.1763E-09
     1    38     2     1        0  0.0000E+00  0.0000E+00  0.8134E+00  0.1000E+03
     1    38     2     2        0  0.0000E+00  0.0000E+00  0.0000E+00  0.1469E-09
     1    38     2     1        0  0.0000E+00  0.0000E+00  0.8269E+00  0.1000E+03
     1    38     2     2        0  0.0000E+00  0.0000E+00  0.0000E+00  0.1654E-09
     1    38     2     1        0  0.0000E+00  0.0000E+00  0.8283E+00  0.1000E+03
     1    38     2     2        0  0.0000E+00  0.0000E+00  0.0000E+00  0.1678E-09
     1    38     2     1        0  0.0000E+00  0.0000E+00  0.7645E+00  0.1000E+03
     1    38     2     2        0  0.0000E+00  0.0000E+00  0.0000E+00  0.2145E-09
     1    39     1     1        0  0.0000E+00  0.0000E+00  0.9357E+00  0.1000E+03
     1    39     1     2        0  0.0000E+00  0.0000E+00  0.0000E+00  0.1593E-09
     1    39     2     1        0  0.0000E+00  0.0000E+00  0.9225E+00  0.1000E+03
     1    39     2     2        0  0.0000E+00  0.0000E+00  0.0000E+00  0.1875E-09
     1    39     2     1        0  0.0000E+00  0.0000E+00  0.8285E+00  0.1000E+03
     1    39     2     2        0  0.0000E+00  0.0000E+00  0.0000E+00  0.1817E-09
     1    40     1     1        0  0.0000E+00  0.0000E+00  0.1112E+01  0.1000E+03
     1    40     1     2        0  0.0000E+00  0.0000E+00  0.0000E+00  0.1188E-09
     1    40     2     1        0  0.0000E+00  0.0000E+00  0.1098E+01  0.1000E+03
     1    40     2     2        0  0.0000E+00  0.0000E+00  0.0000E+00  0.1447E-09
     1    40     2     1        0  0.0000E+00  0.0000E+00  0.1003E+01  0.1000E+03
     1    40     2     2        0  0.0000E+00  0.0000E+00  0.0000E+00  0.1454E-09
     1    40     2     1        0  0.0000E+00  0.0000E+00  0.7836E+00  0.1000E+03
     1    40     2     2        0  0.0000E+00  0.0000E+00  0.0000E+00  0.1805E-09
     1    41     1     1        0  0.0000E+00  0.0000E+00  0.1124E+01  0.1000E+03
     1    41     1     2        0  0.0000E+00  0.0000E+00  0.0000E+00  0.1362E-09
     1    41     2     1        0  0.0000E+00  0.0000E+00  0.1080E+01  0.1000E+03
     1    41     2     2        0  0.0000E+00  0.0000E+00  0.0000E+00  0.1452E-09
     1    41     2     1        0  0.0000E+00  0.0000E+00  0.9664E+00  0.1000E+03
     1    41     2     2        0  0.0000E+00  0.0000E+00  0.0000E+00  0.1750E-09
     1    41     2     1        0  0.0000E+00  0.0000E+00  0.8642E+00  0.1000E+03
     1    41     2     2        0  0.0000E+00  0.0000E+00  0.0000E+00  0.1765E-09
     1    41     2     1        0  0.0000E+00  0.0000E+00  0.6226E+00  0.1000E+03
     1    41     2     2        0  0.0000E+00  0.0000E+00  0.0000E+00  0.2175E-09
     1    42     1     1        0  0.0000E+00  0.0000E+00  0.1039E+01  0.1000E+03
     1    42     1     2        0  0.0000E+00  0.0000E+00  0.0000E+00  0.1459E-09
     1    42     2     1        0  0.0000E+00  0.0000E+00  0.9442E+00  0.1000E+03
     1    42     2     2        0  0.0000E+00  0.0000E+00  0.0000E+00  0.1587E-09
     1    42     2     1        0  0.0000E+00  0.0000E+00  0.6672E+00  0.1000E+03
     1    42     2     2        0  0.0000E+00  0.0000E+00  0.0000E+00  0.1870E-09
     1    42     2     1        0  0.0000E+00  0.0000E+00  0.3588E+00  0.1000E+03
     1    42     2     2        0  0.0000E+00  0.0000E+00  0.0000E+00  0.3448E-09
     1    43     1     1        0  0.0000E+00  0.0000E+00  0.5424E+00  0.1000E+03
     1    43     1     2        0  0.0000E+00  0.0000E+00  0.0000E+00  0.2160E-09
     1    43     2     1        0  0.0000E+00  0.0000E+00  0.4823E+00  0.1000E+03
     1    43     2     2        0  0.0000E+00  0.0000E+00  0.0000E+00  0.2641E-09
     1    43     2     1        0  0.0000E+00  0.0000E+00  0.3451E+00  0.1000E+03
     1    43     2     2        0  0.0000E+00  0.0000E+00  0.0000E+00  0.3241E-09
     1    43     2     1        0  0.0000E+00  0.0000E+00  0.2323E+00  0.1000E+03
     1    43     2     2        0  0.0000E+00  0.0000E+00  0.0000E+00  0.4543E-09
     1    44     1     1        0  0.0000E+00  0.0000E+00  0.7849E+00  0.1000E+03
     1    44     1     2        0  0.0000E+00  0.0000E+00  0.0000E+00  0.1527E-09
     1    44     2     1        0  0.0000E+00  0.0000E+00  0.7392E+00  0.1000E+03
     1    44     2     2        0  0.0000E+00  0.0000E+00  0.0000E+00  0.1842E-09
     1    44     2     1        0  0.0000E+00  0.0000E+00  0.5852E+00  0.1000E+03
     1    44     2     2        0  0.0000E+00  0.0000E+00  0.0000E+00  0.2053E-09
     1    44     2     1        0  0.0000E+00  0.0000E+00  0.4384E+00  0.1000E+03
     1    44     2     2        0  0.0000E+00  0.0000E+00  0.0000E+00  0.2859E-09
     1    44     2     1        0  0.0000E+00  0.0000E+00  0.1686E+00  0.1000E+03
     1    44     2     2        0  0.0000E+00  0.0000E+00  0.0000E+00  0.5302E-09
     1    45     1     1        0  0.0000E+00  0.0000E+00  0.3574E+00  0.1000E+03
     1    45     1     2        0  0.0000E+00  0.0000E+00  0.0000E+00  0.3339E-09
     1    45     2     1        0  0.0000E+00  0.0000E+00  0.3052E+00  0.1000E+03
     1    45     2     2        0  0.0000E+00  0.0000E+00  0.0000E+00  0.3973E-09
     1    45     2     1        0  0.0000E+00  0.0000E+00  0.1997E+00  0.1000E+03
     1    45     2     2        0  0.0000E+00  0.0000E+00  0.0000E+00  0.4585E-09
     1    45     2     1        0  0.0000E+00  0.0000E+00  0.1538E+00  0.1000E+03
     1    45     2     2        0  0.0000E+00  0.0000E+00  0.0000E+00  0.5966E-09
     1    46     1     1        0  0.0000E+00  0.0000E+00  0.7533E+00  0.1000E+03
     1    46     1     2        0  0.0000E+00  0.0000E+00  0.0000E+00  0.1426E-09
     1    46     2     1        0  0.0000E+00  0.0000E+00  0.7098E+00  0.1000E+03
     1    46     2     2        0  0.0000E+00  0.0000E+00  0.0000E+00  0.1636E-09
     1    46     2     1        0  0.0000E+00  0.0000E+00  0.1235E+00  0.1000E+03
     1    46     2     2        0  0.0000E+00  0.0000E+00  0.0000E+00  0.1035E-08
     1    47     1     1        0  0.0000E+00  0.0000E+00  0.3059E+00  0.1000E+03
     1    47     1     2        0  0.0000E+00  0.0000E+00  0.0000E+00  0.3135E-09
     1    47     2     1        0  0.0000E+00  0.0000E+00  0.2905E+00  0.1000E+03
     1    47     2     2        0  0.0000E+00  0.0000E+00  0.0000E+00  0.3734E-09
     1    47     2     1        0  0.0000E+00  0.0000E+00  0.2257E+00  0.1000E+03
     1    47     2     2        0  0.0000E+00  0.0000E+00  0.0000E+00  0.4826E-09
     1    47     2     1        0  0.0000E+00  0.0000E+00  0.2201E+00  0.1000E+03
     1    47     2     2        0  0.0000E+00  0.0000E+00  0.0000E+00  0.5705E-09
     1    48     1     1        0  0.0000E+00  0.0000E+00  0.5476E+00  0.1000E+03
     1    48     1     2        0  0.0000E+00  0.0000E+00  0.0000E+00  0.1950E-09
     1    48     2     1        0  0.0000E+00  0.0000E+00  0.5305E+00  0.1000E+03
     1    48     2     2        0  0.0000E+00  0.0000E+00  0.0000E+00  0.1855E-09
     1    48     2     1        0  0.0000E+00  0.0000E+00  0.4317E+00  0.1000E+03
     1    48     2     2        0  0.0000E+00  0.0000E+00  0.0000E+00  0.3598E-09
     1    48     2     1        0  0.0000E+00  0.0000E+00  0.2823E+00  0.1000E+03
     1    48     2     2        0  0.0000E+00  0.0000E+00  0.0000E+00  0.5923E-09
     1    48     2     1        0  0.0000E+00  0.0000E+00  0.1864E+00  0.1000E+03
     1    48     2     2        0  0.0000E+00  0.0000E+00  0.0000E+00  0.6160E-09
     1    49     1     1        0  0.0000E+00  0.0000E+00  0.5009E+00  0.1000E+03
     1    49     1     2        0  0.0000E+00  0.0000E+00  0.0000E+00  0.2790E-09
     1    49     2     1        0  0.0000E+00  0.0000E+00  0.4396E+00  0.1000E+03
     1    49     2     2        0  0.0000E+00  0.0000E+00  0.0000E+00  0.3387E-09
     1    49     2     1        0  0.0000E+00  0.0000E+00  0.2333E+00  0.1000E+03
     1    49     2     2        0  0.0000E+00  0.0000E+00  0.0000E+00  0.5088E-09
     1    49     2     1        0  0.0000E+00  0.0000E+00  0.1732E+00  0.1000E+03
     1    49     2     2        0  0.0000E+00  0.0000E+00  0.0000E+00  0.7393E-09
     1    49     2     1        0  0.0000E+00  0.0000E+00  0.2802E+00  0.1000E+03
     1    49     2     2        0  0.0000E+00  0.0000E+00  0.0000E+00  0.4614E-09
     1    50     1     1        0  0.0000E+00  0.0000E+00  0.1861E+00  0.1000E+03
     1    50     1     2        0  0.0000E+00  0.0000E+00  0.0000E+00  0.5804E-09
     1    50     2     1        0  0.0000E+00  0.0000E+00  0.1770E+00  0.1000E+03
     1    50     2     2        0  0.0000E+00  0.0000E+00  0.0000E+00  0.5968E-09
     1    50     2     1        0  0.0000E+00  0.0000E+00  0.2517E+00  0.1000E+03
     1    50     2     2        0  0.0000E+00  0.0000E+00  0.0000E+00  0.5252E-09
     1    50     2     1        0  0.0000E+00  0.0000E+00  0.2954E+00  0.1000E+03
     1    50     2     2        0  0.0000E+00  0.0000E+00  0.0000E+00  0.5200E-09
     1    51     1     1        0  0.0000E+00  0.0000E+00  0.2517E+00  0.1000E+03
     1    51     1     2        0  0.0000E+00  0.0000E+00  0.0000E+00  0.6097E-09
     1    51     2     1        0  0.0000E+00  0.0000E+00  0.2476E+00  0.1000E+03
     1    51     2     2        0  0.0000E+00  0.0000E+00  0.0000E+00  0.6182E-09
     1    51     2     1        0  0.0000E+00  0.0000E+00  0.2170E+00  0.1000E+03
     1    51     2     2        0  0.0000E+00  0.0000E+00  0.0000E+00  0.5611E-09
     1    51     2     1        0  0.0000E+00  0.0000E+00  0.2072E+00  0.1000E+03
     1    51     2     2        0  0.0000E+00  0.0000E+00  0.0000E+00  0.5216E-09
     1    51     2     1        0  0.0000E+00  0.0000E+00  0.3305E+00  0.1000E+03
     1    51     2     2        0  0.0000E+00  0.0000E+00  0.0000E+00  0.4891E-09
     1    52     1     1        0  0.0000E+00  0.0000E+00  0.3586E+00  0.1000E+03
     1    52     1     2        0  0.0000E+00  0.0000E+00  0.0000E+00  0.3700E-09
     1    52     2     1        0  0.0000E+00  0.0000E+00  0.3718E+00  0.1000E+03
     1    52     2     2        0  0.0000E+00  0.0000E+00  0.0000E+00  0.3508E-09
     1    52     2     1        0  0.0000E+00  0.0000E+00  0.4052E+00  0.1000E+03
     1    52     2     2        0  0.0000E+00  0.0000E+00  0.0000E+00  0.3659E-09
     1    53     1     1        0  0.0000E+00  0.0000E+00  0.3483E+00  0.1000E+03
     1    53     1     2        0  0.0000E+00  0.0000E+00  0.0000E+00  0.3856E-09
     1    53     2     1        0  0.0000E+00  0.0000E+00  0.3587E+00  0.1000E+03
     1    53     2     2        0  0.0000E+00  0.0000E+00  0.0000E+00  0.3719E-09
     1    53     2     1        0  0.0000E+00  0.0000E+00  0.3983E+00  0.1000E+03
     1    53     2     2        0  0.0000E+00  0.0000E+00  0.0000E+00  0.3667E-09
     1    53     2     1        0  0.0000E+00  0.0000E+00  0.4226E+00  0.1000E+03
     1    53     2     2        0  0.0000E+00  0.0000E+00  0.0000E+00  0.3336E-09
     1    54     1     1        0  0.0000E+00  0.0000E+00  0.6641E+00  0.1000E+03
     1    54     1     2        0  0.0000E+00  0.0000E+00  0.0000E+00  0.2439E-09
     1    54     2     1        0  0.0000E+00  0.0000E+00  0.6269E+00  0.1000E+03
     1    54     2     2        0  0.0000E+00  0.0000E+00  0.0000E+00  0.2311E-09
     1    54     2     1        0  0.0000E+00  0.0000E+00  0.5991E+00  0.1000E+03
     1    54     2     2        0  0.0000E+00  0.0000E+00  0.0000E+00  0.2304E-09
     1    54     2     1        0  0.0000E+00  0.0000E+00  0.4827E+00  0.1000E+03
     1    54     2     2        0  0.0000E+00  0.0000E+00  0.0000E+00  0.3184E-09
     1    54     2     1        0  0.0000E+00  0.0000E+00  0.3777E+00  0.1000E+03
     1    54     2     2        0  0.0000E+00  0.0000E+00  0.0000E+00  0.3550E-09
     1    55     1     1        0  0.0000E+00  0.0000E+00  0.6392E+00  0.1000E+03
     1    55     1     2        0  0.0000E+00  0.0000E+00  0.0000E+00  0.2225E-09
     1    55     2     1        0  0.0000E+00  0.0000E+00  0.6338E+00  0.1000E+03
     1    55     2     2        0  0.0000E+00  0.0000E+00  0.0000E+00  0.2124E-09
     1    55     2     1        0  0.0000E+00  0.0000E+00  0.5813E+00  0.1000E+03
     1    55     2     2        0  0.0000E+00  0.0000E+00  0.0000E+00  0.2243E-09
     1    55     2     1        0  0.0000E+00  0.0000E+00  0.5023E+00  0.1000E+03
     1    55     2     2        0  0.0000E+00  0.0000E+00  0.0000E+00  0.3011E-09
     1    56     1     1        0  0.0000E+00  0.0000E+00  0.1025E+01  0.1000E+03
     1    56     1     2        0  0.0000E+00  0.0000E+00  0.0000E+00  0.1477E-09
     1    56     2     1        0  0.0000E+00  0.0000E+00  0.1005E+01  0.1000E+03
     1    56     2     2        0  0.0000E+00  0.0000E+00  0.0000E+00  0.1842E-09
     1    56     2     1        0  0.0000E+00  0.0000E+00  0.7921E+00  0.1000E+03
     1    56     2     2        0  0.0000E+00  0.0000E+00  0.0000E+00  0.1839E-09
     1    56     2     1        0  0.0000E+00  0.0000E+00  0.6013E+00  0.1000E+03
     1    56     2     2        0  0.0000E+00  0.0000E+00  0.0000E+00  0.2073E-09
     1    57     1     1        0  0.0000E+00  0.0000E+00  0.9721E+00  0.1000E+03
     1    57     1     2        0  0.0000E+00  0.0000E+00  0.0000E+00  0.1729E-09
     1    57     2     1        0  0.0000E+00  0.0000E+00  0.9143E+00  0.1000E+03
     1    57     2     2        0  0.0000E+00  0.0000E+00  0.0000E+00  0.1719E-09
     1    57     2     1        0  0.0000E+00  0.0000E+00  0.7726E+00  0.1000E+03
     1    57     2     2        0  0.0000E+00  0.0000E+00  0.0000E+00  0.2423E-09
     1    57     2     1        0  0.0000E+00  0.0000E+00  0.6241E+00  0.1000E+03
     1    57     2     2        0  0.0000E+00  0.0000E+00  0.1960E-02  0.3821E+00
     1    58     1     1        0  0.0000E+00  0.0000E+00  0.1112E+01  0.1000E+03
     1    58     1     2        0  0.0000E+00  0.0000E+00  0.0000E+00  0.1246E-09
     1    58     2     1        0  0.0000E+00  0.0000E+00  0.1075E+01  0.1000E+03
     1    58     2     2        0  0.0000E+00  0.0000E+00  0.0000E+00  0.1562E-09
     1    58     2     1        0  0.0000E+00  0.0000E+00  0.9522E+00  0.1000E+03
     1    58     2     2        0  0.0000E+00  0.0000E+00  0.0000E+00  0.1614E-09
     1    58     2     1        0  0.0000E+00  0.0000E+00  0.8164E+00  0.1000E+03
     1    58     2     2        0  0.0000E+00  0.0000E+00  0.0000E+00  0.1887E-09
     1    58     2     1        0  0.0000E+00  0.0000E+00  0.5702E+00  0.1000E+03
     1    58     2     2        0  0.0000E+00  0.0000E+00  0.0000E+00  0.2390E-09
     1    59     1     1        0  0.0000E+00  0.0000E+00  0.8965E+00  0.1000E+03
     1    59     1     2        0  0.0000E+00  0.0000E+00  0.0000E+00  0.1793E-09
     1    59     2     1        0  0.0000E+00  0.0000E+00  0.8368E+00  0.1000E+03
     1    59     2     2        0  0.0000E+00  0.0000E+00  0.0000E+00  0.1710E-09
     1    59     2     1        0  0.0000E+00  0.0000E+00  0.7203E+00  0.1000E+03
     1    59     2     2        0  0.0000E+00  0.0000E+00  0.0000E+00  0.1861E-09
     1    59     2     1        0  0.0000E+00  0.0000E+00  0.6175E+00  0.1000E+03
     1    59     2     2        0  0.0000E+00  0.0000E+00  0.0000E+00  0.2319E-09
     1    59     2     1        0  0.0000E+00  0.0000E+00  0.2114E+00  0.1000E+03
     1    59     2     2        0  0.0000E+00  0.0000E+00  0.0000E+00  0.5364E-09
     1    60     1     1        0  0.0000E+00  0.0000E+00  0.3621E+00  0.1000E+03
     1    60     1     2        0  0.0000E+00  0.0000E+00  0.0000E+00  0.2985E-09
     1    60     2     1        0  0.0000E+00  0.0000E+00  0.2667E+00  0.1000E+03
     1    60     2     2        0  0.0000E+00  0.0000E+00  0.0000E+00  0.3760E-09
     1    60     2     1        0  0.0000E+00  0.0000E+00  0.7248E-01  0.1000E+03
     1    60     2     2        0  0.0000E+00  0.0000E+00  0.0000E+00  0.1457E-08
     1    61     1     1        0  0.0000E+00  0.0000E+00  0.1587E+00  0.1000E+03
     1    61     1     2        0  0.0000E+00  0.0000E+00  0.0000E+00  0.4351E-09
     1    61     2     1        0  0.0000E+00  0.0000E+00  0.1187E+00  0.1000E+03
     1    61     2     2        0  0.0000E+00  0.0000E+00  0.0000E+00  0.5423E-09
     1    61     2     1        0  0.0000E+00  0.0000E+00  0.9503E-01  0.1000E+03
     1    61     2     2        0  0.0000E+00  0.0000E+00  0.0000E+00  0.7182E-09
     1    62     1     1        0  0.0000E+00  0.0000E+00  0.7897E+00  0.1000E+03
     1    62     1     2        0  0.0000E+00  0.0000E+00  0.0000E+00  0.1471E-09
     1    62     2     1        0  0.0000E+00  0.0000E+00  0.7431E+00  0.1000E+03
     1    62     2     2        0  0.0000E+00  0.0000E+00  0.0000E+00  0.1554E-09
     1    62     2     1        0  0.0000E+00  0.0000E+00  0.4672E+00  0.1000E+03
     1    62     2     2        0  0.0000E+00  0.0000E+00  0.0000E+00  0.2257E-09
     1    62     2     1        0  0.0000E+00  0.0000E+00  0.2752E+00  0.1000E+03
     1    62     2     2        0  0.0000E+00  0.0000E+00  0.0000E+00  0.2923E-09
     1    62     2     1        0  0.0000E+00  0.0000E+00  0.1470E+00  0.1000E+03
     1    62     2     2        0  0.0000E+00  0.0000E+00  0.0000E+00  0.5110E-09
     1    63     1     1        0  0.0000E+00  0.0000E+00  0.5514E+00  0.1000E+03
     1    63     1     2        0  0.0000E+00  0.0000E+00  0.0000E+00  0.1805E-09
     1    63     2     1        0  0.0000E+00  0.0000E+00  0.5201E+00  0.1000E+03
     1    63     2     2        0  0.0000E+00  0.0000E+00  0.0000E+00  0.1908E-09
     1    63     2     1        0  0.0000E+00  0.0000E+00  0.3771E+00  0.1000E+03
     1    63     2     2        0  0.0000E+00  0.0000E+00  0.0000E+00  0.2470E-09
     1    63     2     1        0  0.0000E+00  0.0000E+00  0.2502E+00  0.1000E+03
     1    63     2     2        0  0.0000E+00  0.0000E+00  0.0000E+00  0.2842E-09
     1    63     2     1        0  0.0000E+00  0.0000E+00  0.1511E+00  0.1000E+03
     1    63     2     2        0  0.0000E+00  0.0000E+00  0.0000E+00  0.9338E-09
     1    64     1     1        0  0.0000E+00  0.0000E+00  0.2432E+00  0.1000E+03
     1    64     1     2        0  0.0000E+00  0.0000E+00  0.0000E+00  0.5518E-09
     1    64     2     1        0  0.0000E+00  0.0000E+00  0.2262E+00  0.1000E+03
     1    64     2     2        0  0.0000E+00  0.0000E+00  0.0000E+00  0.6444E-09
     1    64     2     1        0  0.0000E+00  0.0000E+00  0.3153E+00  0.1000E+03
     1    64     2     2        0  0.0000E+00  0.0000E+00  0.0000E+00  0.5481E-09
     1    65     1     1        0  0.0000E+00  0.0000E+00  0.2231E+00  0.1000E+03
     1    65     1     2        0  0.0000E+00  0.0000E+00  0.0000E+00  0.5231E-09
     1    65     2     1        0  0.0000E+00  0.0000E+00  0.2134E+00  0.1000E+03
     1    65     2     2        0  0.0000E+00  0.0000E+00  0.0000E+00  0.6292E-09
     1    65     2     1        0  0.0000E+00  0.0000E+00  0.2316E+00  0.1000E+03
     1    65     2     2        0  0.0000E+00  0.0000E+00  0.0000E+00  0.4740E-09
     1    65     2     1        0  0.0000E+00  0.0000E+00  0.2729E+00  0.1000E+03
     1    65     2     2        0  0.0000E+00  0.0000E+00  0.0000E+00  0.4543E-09
     1    66     1     1        0  0.0000E+00  0.0000E+00  0.6195E+00  0.1000E+03
     1    66     1     2        0  0.0000E+00  0.0000E+00  0.0000E+00  0.2288E-09
     1    66     2     1        0  0.0000E+00  0.0000E+00  0.5853E+00  0.1000E+03
     1    66     2     2        0  0.0000E+00  0.0000E+00  0.0000E+00  0.2777E-09
     1    66     2     1        0  0.0000E+00  0.0000E+00  0.4324E+00  0.1000E+03
     1    66     2     2        0  0.0000E+00  0.0000E+00  0.0000E+00  0.3567E-09
     1    66     2     1        0  0.0000E+00  0.0000E+00  0.3571E+00  0.1000E+03
     1    66     2     2        0  0.0000E+00  0.0000E+00  0.0000E+00  0.4245E-09
     1    66     2     1        0  0.0000E+00  0.0000E+00  0.2660E+00  0.1000E+03
     1    66     2     2        0  0.0000E+00  0.0000E+00  0.0000E+00  0.4742E-09
     1    67     1     1        0  0.0000E+00  0.0000E+00  0.5958E+00  0.1000E+03
     1    67     1     2        0  0.0000E+00  0.0000E+00  0.0000E+00  0.2086E-09
     1    67     2     1        0  0.0000E+00  0.0000E+00  0.2277E+01  0.1000E+03
     1    67     2     2        0  0.0000E+00  0.0000E+00  0.9147E-02  0.2699E+01
     1    67     2     3        0  0.0000E+00  0.0000E+00  0.0000E+00  0.2593E-09
     1    67     2     1        0  0.0000E+00  0.0000E+00  0.4800E+00  0.1000E+03
     1    67     2     2        0  0.0000E+00  0.0000E+00  0.0000E+00  0.2999E-09
     1    67     2     1        0  0.0000E+00  0.0000E+00  0.4160E+00  0.1000E+03
     1    67     2     2        0  0.0000E+00  0.0000E+00  0.0000E+00  0.3761E-09
     1    68     1     1        0  0.0000E+00  0.0000E+00  0.8376E+00  0.1000E+03
     1    68     1     2        0  0.0000E+00  0.0000E+00  0.0000E+00  0.1669E-09
     1    68     2     1        0  0.0000E+00  0.0000E+00  0.8201E+00  0.1000E+03
     1    68     2     2        0  0.0000E+00  0.0000E+00  0.0000E+00  0.1707E-09
     1    68     2     1        0  0.0000E+00  0.0000E+00  0.6365E+00  0.1000E+03
     1    68     2     2        0  0.0000E+00  0.0000E+00  0.0000E+00  0.2199E-09
     1    68     2     1        0  0.0000E+00  0.0000E+00  0.4773E+00  0.1000E+03
     1    68     2     2        0  0.0000E+00  0.0000E+00  0.0000E+00  0.2682E-09
     1    69     1     1        0  0.0000E+00  0.0000E+00  0.7969E+00  0.1000E+03
     1    69     1     2        0  0.0000E+00  0.0000E+00  0.0000E+00  0.1892E-09
     1    69     2     1        0  0.0000E+00  0.0000E+00  0.7431E+00  0.1000E+03
     1    69     2     2        0  0.0000E+00  0.0000E+00  0.0000E+00  0.2035E-09
     1    69     2     1        0  0.0000E+00  0.0000E+00  0.6200E+00  0.1000E+03
     1    69     2     2        0  0.0000E+00  0.0000E+00  0.0000E+00  0.2278E-09
     1    69     2     1        0  0.0000E+00  0.0000E+00  0.5164E+00  0.1000E+03
     1    69     2     2        0  0.0000E+00  0.0000E+00  0.0000E+00  0.2338E-09
     1    70     1     1        0  0.0000E+00  0.0000E+00  0.9584E+00  0.1000E+03
     1    70     1     2        0  0.0000E+00  0.0000E+00  0.0000E+00  0.1619E-09
     1    70     2     1        0  0.0000E+00  0.0000E+00  0.9221E+00  0.1000E+03
     1    70     2     2        0  0.0000E+00  0.0000E+00  0.0000E+00  0.1518E-09
     1    70     2     1        0  0.0000E+00  0.0000E+00  0.7050E+00  0.1000E+03
     1    70     2     2        0  0.0000E+00  0.0000E+00  0.0000E+00  0.1835E-09
     1    70     2     1        0  0.0000E+00  0.0000E+00  0.4961E+00  0.1000E+03
     1    70     2     2        0  0.0000E+00  0.0000E+00  0.0000E+00  0.2558E-09
     1    71     1     1        0  0.0000E+00  0.0000E+00  0.8359E+00  0.1000E+03
     1    71     1     2        0  0.0000E+00  0.0000E+00  0.0000E+00  0.2001E-09
     1    71     2     1        0  0.0000E+00  0.0000E+00  0.7988E+00  0.1000E+03
     1    71     2     2        0  0.0000E+00  0.0000E+00  0.0000E+00  0.2352E-09
     1    71     2     1        0  0.0000E+00  0.0000E+00  0.6538E+00  0.1000E+03
     1    71     2     2        0  0.0000E+00  0.0000E+00  0.0000E+00  0.2311E-09
     1    71     2     1        0  0.0000E+00  0.0000E+00  0.5536E+00  0.1000E+03
     1    71     2     2        0  0.0000E+00  0.0000E+00  0.0000E+00  0.2226E-09
     1    72     1     1        0  0.0000E+00  0.0000E+00  0.1168E+01  0.1000E+03
     1    72     1     2        0  0.0000E+00  0.0000E+00  0.0000E+00  0.1348E-09
     1    72     2     1        0  0.0000E+00  0.0000E+00  0.1134E+01  0.1000E+03
     1    72     2     2        0  0.0000E+00  0.0000E+00  0.0000E+00  0.1414E-09
     1    72     2     1        0  0.0000E+00  0.0000E+00  0.8929E+00  0.1000E+03
     1    72     2     2        0  0.0000E+00  0.0000E+00  0.0000E+00  0.1773E-09
     1    72     2     1        0  0.0000E+00  0.0000E+00  0.6821E+00  0.1000E+03
     1    72     2     2        0  0.0000E+00  0.0000E+00  0.0000E+00  0.1976E-09
     1    72     2     1        0  0.0000E+00  0.0000E+00  0.4840E+00  0.1000E+03
     1    72     2     2        0  0.0000E+00  0.0000E+00  0.0000E+00  0.4170E-03
     1    73     1     1        0  0.0000E+00  0.0000E+00  0.6752E+00  0.1000E+03
     1    73     1     2        0  0.0000E+00  0.0000E+00  0.0000E+00  0.2076E-09
     1    73     2     1        0  0.0000E+00  0.0000E+00  0.6472E+00  0.1000E+03
     1    73     2     2        0  0.0000E+00  0.0000E+00  0.0000E+00  0.2797E-09
     1    73     2     1        0  0.0000E+00  0.0000E+00  0.5246E+00  0.1000E+03
     1    73     2     2        0  0.0000E+00  0.0000E+00  0.0000E+00  0.2404E-09
     1    73     2     1        0  0.0000E+00  0.0000E+00  0.4401E+00  0.1000E+03
     1    73     2     2        0  0.0000E+00  0.0000E+00  0.0000E+00  0.3752E-09
     1    73     2     1        0  0.0000E+00  0.0000E+00  0.2051E+00  0.1000E+03
     1    73     2     2        0  0.0000E+00  0.0000E+00  0.0000E+00  0.5819E-09
     1    74     1     1        0  0.0000E+00  0.0000E+00  0.5047E+00  0.1000E+03
     1    74     1     2        0  0.0000E+00  0.0000E+00  0.0000E+00  0.2698E-09
     1    74     2     1        0  0.0000E+00  0.0000E+00  0.4287E+00  0.1000E+03
     1    74     2     2        0  0.0000E+00  0.0000E+00  0.0000E+00  0.2991E-09
     1    74     2     1        0  0.0000E+00  0.0000E+00  0.2774E+00  0.1000E+03
     1    74     2     2        0  0.0000E+00  0.0000E+00  0.0000E+00  0.3641E-09
     1    75     1     1        0  0.0000E+00  0.0000E+00  0.8351E+00  0.1000E+03
     1    75     1     2        0  0.0000E+00  0.0000E+00  0.0000E+00  0.1806E-09
     1    75     2     1        0  0.0000E+00  0.0000E+00  0.7791E+00  0.1000E+03
     1    75     2     2        0  0.0000E+00  0.0000E+00  0.0000E+00  0.1655E-09
     1    75     2     1        0  0.0000E+00  0.0000E+00  0.5785E+00  0.1000E+03
     1    75     2     2        0  0.0000E+00  0.0000E+00  0.0000E+00  0.2444E-09
     1    75     2     1        0  0.0000E+00  0.0000E+00  0.3854E+00  0.1000E+03
     1    75     2     2        0  0.0000E+00  0.0000E+00  0.0000E+00  0.3112E-09
     1    76     1     1        0  0.0000E+00  0.0000E+00  0.8926E+00  0.1000E+03
     1    76     1     2        0  0.0000E+00  0.0000E+00  0.0000E+00  0.1488E-09
     1    76     2     1        0  0.0000E+00  0.0000E+00  0.8395E+00  0.1000E+03
     1    76     2     2        0  0.0000E+00  0.0000E+00  0.0000E+00  0.1897E-09
     1    76     2     1        0  0.0000E+00  0.0000E+00  0.6740E+00  0.1000E+03
     1    76     2     2        0  0.0000E+00  0.0000E+00  0.0000E+00  0.1777E-09
     1    76     2     1        0  0.0000E+00  0.0000E+00  0.5204E+00  0.1000E+03
     1    76     2     2        0  0.0000E+00  0.0000E+00  0.0000E+00  0.2326E-09
     1    76     2     1        0  0.0000E+00  0.0000E+00  0.2013E+00  0.1000E+03
     1    76     2     2        0  0.0000E+00  0.0000E+00  0.0000E+00  0.5703E-09
     1    77     1     1        0  0.0000E+00  0.0000E+00  0.3519E+00  0.1000E+03
     1    77     1     2        0  0.0000E+00  0.0000E+00  0.0000E+00  0.3091E-09
     1    77     2     1        0  0.0000E+00  0.0000E+00  0.3123E+00  0.1000E+03
     1    77     2     2        0  0.0000E+00  0.0000E+00  0.0000E+00  0.4469E-09
     1    77     2     1        0  0.0000E+00  0.0000E+00  0.2243E+00  0.1000E+03
     1    77     2     2        0  0.0000E+00  0.0000E+00  0.0000E+00  0.4447E-09
     1    77     2     1        0  0.0000E+00  0.0000E+00  0.1657E+00  0.1000E+03
     1    77     2     2        0  0.0000E+00  0.0000E+00  0.0000E+00  0.6382E-09
     1    78     1     1        0  0.0000E+00  0.0000E+00  0.7807E+00  0.1000E+03
     1    78     1     2        0  0.0000E+00  0.0000E+00  0.0000E+00  0.1604E-09
     1    78     2     1        0  0.0000E+00  0.0000E+00  0.7336E+00  0.1000E+03
     1    78     2     2        0  0.0000E+00  0.0000E+00  0.0000E+00  0.1864E-09
     1    78     2     1        0  0.0000E+00  0.0000E+00  0.1543E+00  0.1000E+03
     1    78     2     2        0  0.0000E+00  0.0000E+00  0.0000E+00  0.8837E-09
     1    79     1     1        0  0.0000E+00  0.0000E+00  0.5784E+00  0.1000E+03
     1    79     1     2        0  0.0000E+00  0.0000E+00  0.0000E+00  0.2688E-09
     1    79     2     1        0  0.0000E+00  0.0000E+00  0.4546E+00  0.1000E+03
     1    79     2     2        0  0.0000E+00  0.0000E+00  0.0000E+00  0.2981E-09
     1    79     2     1        0  0.0000E+00  0.0000E+00  0.2531E+00  0.1000E+03
     1    79     2     2        0  0.0000E+00  0.0000E+00  0.0000E+00  0.6095E-09
     1    79     2     1        0  0.0000E+00  0.0000E+00  0.1772E+00  0.1000E+03
     1    79     2     2        0  0.0000E+00  0.0000E+00  0.0000E+00  0.6998E-09
     1    79     2     1        0  0.0000E+00  0.0000E+00  0.2692E+00  0.1000E+03
     1    79     2     2        0  0.0000E+00  0.0000E+00  0.0000E+00  0.5277E-09
     1    80     1     1        0  0.0000E+00  0.0000E+00  0.1445E+00  0.1000E+03
     1    80     1     2        0  0.0000E+00  0.0000E+00  0.0000E+00  0.7089E-09
     1    80     2     1        0  0.0000E+00  0.0000E+00  0.1600E+00  0.1000E+03
     1    80     2     2        0  0.0000E+00  0.0000E+00  0.0000E+00  0.7088E-09
     1    80     2     1        0  0.0000E+00  0.0000E+00  0.2225E+00  0.1000E+03
     1    80     2     2        0  0.0000E+00  0.0000E+00  0.0000E+00  0.5780E-09
     1    81     1     1        0  0.0000E+00  0.0000E+00  0.5689E+00  0.1000E+03
     1    81     1     2        0  0.0000E+00  0.0000E+00  0.0000E+00  0.2229E-09
     1    81     2     1        0  0.0000E+00  0.0000E+00  0.5325E+00  0.1000E+03
     1    81     2     2        0  0.0000E+00  0.0000E+00  0.0000E+00  0.2371E-09
     1    81     2     1        0  0.0000E+00  0.0000E+00  0.3256E+00  0.1000E+03
     1    81     2     2        0  0.0000E+00  0.0000E+00  0.0000E+00  0.4204E-09
     1    81     2     1        0  0.0000E+00  0.0000E+00  0.2448E+00  0.1000E+03
     1    81     2     2        0  0.0000E+00  0.0000E+00  0.0000E+00  0.5179E-09
     1    81     2     1        0  0.0000E+00  0.0000E+00  0.2145E+00  0.1000E+03
     1    81     2     2        0  0.0000E+00  0.0000E+00  0.0000E+00  0.5695E-09
     1    82     1     1        0  0.0000E+00  0.0000E+00  0.3004E+00  0.1000E+03
     1    82     1     2        0  0.0000E+00  0.0000E+00  0.0000E+00  0.2884E-09
     1    82     2     1        0  0.0000E+00  0.0000E+00  0.3001E+00  0.1000E+03
     1    82     2     2        0  0.0000E+00  0.0000E+00  0.0000E+00  0.3123E-09
     1    82     2     1        0  0.0000E+00  0.0000E+00  0.2860E+00  0.1000E+03
     1    82     2     2        0  0.0000E+00  0.0000E+00  0.0000E+00  0.4411E-09
     1    82     2     1        0  0.0000E+00  0.0000E+00  0.2068E+00  0.1000E+03
     1    82     2     2        0  0.0000E+00  0.0000E+00  0.0000E+00  0.6105E-09
     1    82     2     1        0  0.0000E+00  0.0000E+00  0.3375E+00  0.1000E+03
     1    82     2     2        0  0.0000E+00  0.0000E+00  0.0000E+00  0.4038E-09
     1    83     1     1        0  0.0000E+00  0.0000E+00  0.3876E+00  0.1000E+03
     1    83     1     2        0  0.0000E+00  0.0000E+00  0.0000E+00  0.3545E-09
     1    83     2     1        0  0.0000E+00  0.0000E+00  0.4063E+00  0.1000E+03
     1    83     2     2        0  0.0000E+00  0.0000E+00  0.0000E+00  0.3536E-09
     1    83     2     1        0  0.0000E+00  0.0000E+00  0.4543E+00  0.1000E+03
     1    83     2     2        0  0.0000E+00  0.0000E+00  0.0000E+00  0.3452E-09
     1    84     1     1        0  0.0000E+00  0.0000E+00  0.3714E+00  0.1000E+03
     1    84     1     2        0  0.0000E+00  0.0000E+00  0.0000E+00  0.1077E-02
     1    84     2     1        0  0.0000E+00  0.0000E+00  0.3853E+00  0.1000E+03
     1    84     2     2        0  0.0000E+00  0.0000E+00  0.0000E+00  0.2934E-09
     1    84     2     1        0  0.0000E+00  0.0000E+00  0.4354E+00  0.1000E+03
     1    84     2     2        0  0.0000E+00  0.0000E+00  0.0000E+00  0.2823E-09
     1    84     2     1        0  0.0000E+00  0.0000E+00  0.4663E+00  0.1000E+03
     1    84     2     2        0  0.0000E+00  0.0000E+00  0.0000E+00  0.2757E-09
     1    84     2     1        0  0.0000E+00  0.0000E+00  0.4744E+00  0.1000E+03
     1    84     2     2        0  0.0000E+00  0.0000E+00  0.0000E+00  0.3456E-09
     1    85     1     1        0  0.0000E+00  0.0000E+00  0.4872E+00  0.1000E+03
     1    85     1     2        0  0.0000E+00  0.0000E+00  0.0000E+00  0.3388E-09
     1    85     2     1        0  0.0000E+00  0.0000E+00  0.4970E+00  0.1000E+03
     1    85     2     2        0  0.0000E+00  0.0000E+00  0.0000E+00  0.3286E-09
     1    85     2     1        0  0.0000E+00  0.0000E+00  0.5156E+00  0.1000E+03
     1    85     2     2        0  0.0000E+00  0.0000E+00  0.0000E+00  0.3286E-09
     1    86     1     1        0  0.0000E+00  0.0000E+00  0.4669E+00  0.1000E+03
     1    86     1     2        0  0.0000E+00  0.0000E+00  0.0000E+00  0.3010E-09
     1    86     2     1        0  0.0000E+00  0.0000E+00  0.4501E+00  0.1000E+03
     1    86     2     2        0  0.0000E+00  0.0000E+00  0.0000E+00  0.2614E-09
     1    86     2     1        0  0.0000E+00  0.0000E+00  0.3869E+00  0.1000E+03
     1    86     2     2        0  0.0000E+00  0.0000E+00  0.0000E+00  0.3437E-09
     1    86     2     1        0  0.0000E+00  0.0000E+00  0.4699E+00  0.1000E+03
     1    86     2     2        0  0.0000E+00  0.0000E+00  0.0000E+00  0.2612E-09
     1    86     2     1        0  0.0000E+00  0.0000E+00  0.5933E+00  0.1000E+03
     1    86     2     2        0  0.0000E+00  0.0000E+00  0.0000E+00  0.2343E-09
     1    87     1     1        0  0.0000E+00  0.0000E+00  0.6148E+00  0.1000E+03
     1    87     1     2        0  0.0000E+00  0.0000E+00  0.0000E+00  0.2118E-09
     1    87     2     1        0  0.0000E+00  0.0000E+00  0.6325E+00  0.1000E+03
     1    87     2     2        0  0.0000E+00  0.0000E+00  0.0000E+00  0.2285E-09
     1    87     2     1        0  0.0000E+00  0.0000E+00  0.6740E+00  0.1000E+03
     1    87     2     2        0  0.0000E+00  0.0000E+00  0.0000E+00  0.2011E-09
     1    88     1     1        0  0.0000E+00  0.0000E+00  0.4540E+00  0.1000E+03
     1    88     1     2        0  0.0000E+00  0.0000E+00  0.0000E+00  0.2354E-09
     1    88     2     1        0  0.0000E+00  0.0000E+00  0.4770E+00  0.1000E+03
     1    88     2     2        0  0.0000E+00  0.0000E+00  0.0000E+00  0.2061E-09
     1    88     2     1        0  0.0000E+00  0.0000E+00  0.5824E+00  0.1000E+03
     1    88     2     2        0  0.0000E+00  0.0000E+00  0.0000E+00  0.2189E-09
     1    88     2     1        0  0.0000E+00  0.0000E+00  0.6552E+00  0.1000E+03
     1    88     2     2        0  0.0000E+00  0.0000E+00  0.0000E+00  0.1886E-09
     1    88     2     1        0  0.0000E+00  0.0000E+00  0.7382E+00  0.1000E+03
     1    88     2     2        0  0.0000E+00  0.0000E+00  0.0000E+00  0.2072E-09
     1    89     1     1        0  0.0000E+00  0.0000E+00  0.7854E+00  0.1000E+03
     1    89     1     2        0  0.0000E+00  0.0000E+00  0.0000E+00  0.1596E-09
     1    89     2     1        0  0.0000E+00  0.0000E+00  0.8013E+00  0.1000E+03
     1    89     2     2        0  0.0000E+00  0.0000E+00  0.0000E+00  0.1765E-09
     1    89     2     1        0  0.0000E+00  0.0000E+00  0.8295E+00  0.1000E+03
     1    89     2     2        0  0.0000E+00  0.0000E+00  0.0000E+00  0.1905E-09
     1    89     2     1        0  0.0000E+00  0.0000E+00  0.6882E+00  0.1000E+03
     1    89     2     2        0  0.0000E+00  0.0000E+00  0.0000E+00  0.2433E-09
     1    90     1     1        0  0.0000E+00  0.0000E+00  0.8812E+00  0.1000E+03
     1    90     1     2        0  0.0000E+00  0.0000E+00  0.0000E+00  0.1702E-09
     1    90     2     1        0  0.0000E+00  0.0000E+00  0.8778E+00  0.1000E+03
     1    90     2     2        0  0.0000E+00  0.0000E+00  0.0000E+00  0.1803E-09
     1    90     2     1        0  0.0000E+00  0.0000E+00  0.8509E+00  0.1000E+03
     1    90     2     2        0  0.0000E+00  0.0000E+00  0.0000E+00  0.1814E-09
     1    90     2     1        0  0.0000E+00  0.0000E+00  0.7849E+00  0.1000E+03
     1    90     2     2        0  0.0000E+00  0.0000E+00  0.0000E+00  0.2111E-09
     1    90     2     1        0  0.0000E+00  0.0000E+00  0.6298E+00  0.1000E+03
     1    90     2     2        0  0.0000E+00  0.0000E+00  0.0000E+00  0.1979E-09
     1    91     1     1        0  0.0000E+00  0.0000E+00  0.9175E+00  0.1000E+03
     1    91     1     2        0  0.0000E+00  0.0000E+00  0.0000E+00  0.1743E-09
     1    91     2     1        0  0.0000E+00  0.0000E+00  0.8782E+00  0.1000E+03
     1    91     2     2        0  0.0000E+00  0.0000E+00  0.0000E+00  0.1903E-09
     1    91     2     1        0  0.0000E+00  0.0000E+00  0.7315E+00  0.1000E+03
     1    91     2     2        0  0.0000E+00  0.0000E+00  0.0000E+00  0.2138E-09
     1    92     1     1        0  0.0000E+00  0.0000E+00  0.1083E+01  0.1000E+03
     1    92     1     2        0  0.0000E+00  0.0000E+00  0.0000E+00  0.1478E-09
     1    92     2     1        0  0.0000E+00  0.0000E+00  0.1059E+01  0.1000E+03
     1    92     2     2        0  0.0000E+00  0.0000E+00  0.0000E+00  0.1487E-09
     1    92     2     1        0  0.0000E+00  0.0000E+00  0.9752E+00  0.1000E+03
     1    92     2     2        0  0.0000E+00  0.0000E+00  0.0000E+00  0.1829E-09
     1    92     2     1        0  0.0000E+00  0.0000E+00  0.8583E+00  0.1000E+03
     1    92     2     2        0  0.0000E+00  0.0000E+00  0.0000E+00  0.1911E-09
     1    93     1     1        0  0.0000E+00  0.0000E+00  0.1053E+01  0.1000E+03
     1    93     1     2        0  0.0000E+00  0.0000E+00  0.0000E+00  0.1351E-09
     1    93     2     1        0  0.0000E+00  0.0000E+00  0.1051E+01  0.1000E+03
     1    93     2     2        0  0.0000E+00  0.0000E+00  0.0000E+00  0.1442E-09
     1    93     2     1        0  0.0000E+00  0.0000E+00  0.1032E+01  0.1000E+03
     1    93     2     2        0  0.0000E+00  0.0000E+00  0.0000E+00  0.1533E-09
     1    93     2     1        0  0.0000E+00  0.0000E+00  0.9581E+00  0.1000E+03
     1    93     2     2        0  0.0000E+00  0.0000E+00  0.0000E+00  0.1574E-09
     1    93     2     1        0  0.0000E+00  0.0000E+00  0.8435E+00  0.1000E+03
     1    93     2     2        0  0.0000E+00  0.0000E+00  0.0000E+00  0.1624E-09
     1    94     1     1        0  0.0000E+00  0.0000E+00  0.1005E+01  0.1000E+03
     1    94     1     2        0  0.0000E+00  0.0000E+00  0.0000E+00  0.1421E-09
     1    94     2     1        0  0.0000E+00  0.0000E+00  0.9956E+00  0.1000E+03
     1    94     2     2        0  0.0000E+00  0.0000E+00  0.0000E+00  0.1557E-09
     1    94     2     1        0  0.0000E+00  0.0000E+00  0.9586E+00  0.1000E+03
     1    94     2     2        0  0.0000E+00  0.0000E+00  0.0000E+00  0.1448E-09
     1    94     2     1        0  0.0000E+00  0.0000E+00  0.9135E+00  0.1000E+03
     1    94     2     2        0  0.0000E+00  0.0000E+00  0.0000E+00  0.1896E-09
     1    94     2     1        0  0.0000E+00  0.0000E+00  0.7587E+00  0.1000E+03
     1    94     2     2        0  0.0000E+00  0.0000E+00  0.0000E+00  0.2153E-09
     1    95     1     1        0  0.0000E+00  0.0000E+00  0.1016E+01  0.1000E+03
     1    95     1     2        0  0.0000E+00  0.0000E+00  0.0000E+00  0.1643E-09
     1    95     2     1        0  0.0000E+00  0.0000E+00  0.9689E+00  0.1000E+03
     1    95     2     2        0  0.0000E+00  0.0000E+00  0.0000E+00  0.1766E-09
     1    95     2     1        0  0.0000E+00  0.0000E+00  0.7930E+00  0.1000E+03
     1    95     2     2        0  0.0000E+00  0.0000E+00  0.0000E+00  0.1995E-09
     1    96     1     1        0  0.0000E+00  0.0000E+00  0.1183E+01  0.1000E+03
     1    96     1     2        0  0.0000E+00  0.0000E+00  0.0000E+00  0.1385E-09
     1    96     2     1        0  0.0000E+00  0.0000E+00  0.1136E+01  0.1000E+03
     1    96     2     2        0  0.0000E+00  0.0000E+00  0.0000E+00  0.1307E-09
     1    96     2     1        0  0.0000E+00  0.0000E+00  0.9725E+00  0.1000E+03
     1    96     2     2        0  0.0000E+00  0.0000E+00  0.0000E+00  0.1412E-09
     1    96     2     1        0  0.0000E+00  0.0000E+00  0.7350E+00  0.1000E+03
     1    96     2     2        0  0.0000E+00  0.0000E+00  0.0000E+00  0.2196E-09
     1    97     1     1        0  0.0000E+00  0.0000E+00  0.1081E+01  0.1000E+03
     1    97     1     2        0  0.0000E+00  0.0000E+00  0.0000E+00  0.1466E-09
     1    97     2     1        0  0.0000E+00  0.0000E+00  0.1016E+01  0.1000E+03
     1    97     2     2        0  0.0000E+00  0.0000E+00  0.0000E+00  0.1823E-09
     1    97     2     1        0  0.0000E+00  0.0000E+00  0.9002E+00  0.1000E+03
     1    97     2     2        0  0.0000E+00  0.0000E+00  0.0000E+00  0.1779E-09
     1    97     2     1        0  0.0000E+00  0.0000E+00  0.7819E+00  0.1000E+03
     1    97     2     2        0  0.0000E+00  0.0000E+00  0.0000E+00  0.1798E-09
     1    97     2     1        0  0.0000E+00  0.0000E+00  0.4606E+00  0.1000E+03
     1    97     2     2        0  0.0000E+00  0.0000E+00  0.0000E+00  0.2765E-09
     1    98     1     1        0  0.0000E+00  0.0000E+00  0.7919E+00  0.1000E+03
     1    98     1     2        0  0.0000E+00  0.0000E+00  0.0000E+00  0.2036E-09
     1    98     2     1        0  0.0000E+00  0.0000E+00  0.6587E+00  0.1000E+03
     1    98     2     2        0  0.0000E+00  0.0000E+00  0.0000E+00  0.2341E-09
     1    98     2     1        0  0.0000E+00  0.0000E+00  0.4001E+00  0.1000E+03
     1    98     2     2        0  0.0000E+00  0.0000E+00  0.0000E+00  0.2945E-09
     1    99     1     1        0  0.0000E+00  0.0000E+00  0.1012E+01  0.1000E+03
     1    99     1     2        0  0.0000E+00  0.0000E+00  0.0000E+00  0.1350E-09
     1    99     2     1        0  0.0000E+00  0.0000E+00  0.9077E+00  0.1000E+03
     1    99     2     2        0  0.0000E+00  0.0000E+00  0.0000E+00  0.1430E-09
     1    99     2     1        0  0.0000E+00  0.0000E+00  0.6674E+00  0.1000E+03
     1    99     2     2        0  0.0000E+00  0.0000E+00  0.0000E+00  0.2202E-09
     1    99     2     1        0  0.0000E+00  0.0000E+00  0.2992E+00  0.1000E+03
     1    99     2     2        0  0.0000E+00  0.0000E+00  0.0000E+00  0.3956E-09
     1   100     1     1        0  0.0000E+00  0.0000E+00  0.5419E+00  0.1000E+03
     1   100     1     2        0  0.0000E+00  0.0000E+00  0.0000E+00  0.2742E-09
     1   100     2     1        0  0.0000E+00  0.0000E+00  0.5143E+00  0.1000E+03
     1   100     2     2        0  0.0000E+00  0.0000E+00  0.0000E+00  0.2243E-09
     1   100     2     1        0  0.0000E+00  0.0000E+00  0.4189E+00  0.1000E+03
     1   100     2     2        0  0.0000E+00  0.0000E+00  0.0000E+00  0.2557E-09
     1   100     2     1        0  0.0000E+00  0.0000E+00  0.3224E+00  0.1000E+03
     1   100     2     2        0  0.0000E+00  0.0000E+00  0.0000E+00  0.3841E-09
     1   100     2     1        0  0.0000E+00  0.0000E+00  0.6491E-01  0.1000E+03
     1   100     2     2        0  0.0000E+00  0.0000E+00  0.0000E+00  0.1883E-08
